L 03/11/2020 - 21:23:41: Log file started (file "logs\L0311044.log") (game "tfc") (version "48/1.1.2.2/8308")
L 03/11/2020 - 21:23:41: Loading map "ravelin"
L 03/11/2020 - 21:23:41: Server cvars start
L 03/11/2020 - 21:23:41: Server cvar "allow_spectators" = "1.0"
L 03/11/2020 - 21:23:41: Server cvar "coop" = "0"
L 03/11/2020 - 21:23:41: Server cvar "cr_demoman" = "0"
L 03/11/2020 - 21:23:41: Server cvar "cr_engineer" = "0"
L 03/11/2020 - 21:23:41: Server cvar "cr_hwguy" = "0"
L 03/11/2020 - 21:23:41: Server cvar "cr_medic" = "0"
L 03/11/2020 - 21:23:41: Server cvar "cr_pyro" = "0"
L 03/11/2020 - 21:23:41: Server cvar "cr_random" = "0"
L 03/11/2020 - 21:23:41: Server cvar "cr_scout" = "0"
L 03/11/2020 - 21:23:41: Server cvar "cr_sniper" = "0"
L 03/11/2020 - 21:23:41: Server cvar "cr_soldier" = "0"
L 03/11/2020 - 21:23:41: Server cvar "cr_spy" = "0"
L 03/11/2020 - 21:23:41: Server cvar "deathmatch" = "1"
L 03/11/2020 - 21:23:41: Server cvar "decalfrequency" = "30"
L 03/11/2020 - 21:23:41: Server cvar "edgefriction" = "2"
L 03/11/2020 - 21:23:41: Server cvar "enable_foxbot" = "1"
L 03/11/2020 - 21:23:41: Server cvar "foxbot" = "0.791"
L 03/11/2020 - 21:23:41: Server cvar "max_queries_sec" = "3.0"
L 03/11/2020 - 21:23:41: Server cvar "max_queries_sec_global" = "30"
L 03/11/2020 - 21:23:41: Server cvar "max_queries_window" = "60"
L 03/11/2020 - 21:23:41: Server cvar "metamod_version" = "1.21.1-am"
L 03/11/2020 - 21:23:41: Server cvar "mp_autocrosshair" = "1"
L 03/11/2020 - 21:23:41: Server cvar "mp_chattime" = "20"
L 03/11/2020 - 21:23:41: Server cvar "mp_consistency" = "0"
L 03/11/2020 - 21:23:41: Server cvar "mp_falldamage" = "0"
L 03/11/2020 - 21:23:41: Server cvar "mp_flashlight" = "0"
L 03/11/2020 - 21:23:41: Server cvar "mp_footsteps" = "1"
L 03/11/2020 - 21:23:41: Server cvar "mp_forcerespawn" = "1"
L 03/11/2020 - 21:23:41: Server cvar "mp_fraglimit" = "0"
L 03/11/2020 - 21:23:41: Server cvar "mp_fragsleft" = "0"
L 03/11/2020 - 21:23:41: Server cvar "mp_friendlyfire" = "0"
L 03/11/2020 - 21:23:41: Server cvar "mp_logfile" = "1"
L 03/11/2020 - 21:23:41: Server cvar "mp_teamplay" = "21"
L 03/11/2020 - 21:23:41: Server cvar "mp_timeleft" = "0"
L 03/11/2020 - 21:23:41: Server cvar "mp_timelimit" = "30"
L 03/11/2020 - 21:23:41: Server cvar "mp_weaponstay" = "0"
L 03/11/2020 - 21:23:41: Server cvar "pausable" = "0"
L 03/11/2020 - 21:23:41: Server cvar "sv_accelerate" = "10"
L 03/11/2020 - 21:23:41: Server cvar "sv_aim" = "0"
L 03/11/2020 - 21:23:41: Server cvar "sv_airaccelerate" = "10"
L 03/11/2020 - 21:23:41: Server cvar "sv_allowupload" = "1"
L 03/11/2020 - 21:23:41: Server cvar "sv_alltalk" = "0"
L 03/11/2020 - 21:23:41: Server cvar "sv_bounce" = "1"
L 03/11/2020 - 21:23:41: Server cvar "sv_cheats" = "0"
L 03/11/2020 - 21:23:41: Server cvar "sv_clienttrace" = "3.5"
L 03/11/2020 - 21:23:41: Server cvar "sv_contact" = ""
L 03/11/2020 - 21:23:41: Server cvar "sv_friction" = "4"
L 03/11/2020 - 21:23:41: Server cvar "sv_gravity" = "800"
L 03/11/2020 - 21:23:41: Server cvar "sv_logblocks" = "0"
L 03/11/2020 - 21:23:41: Server cvar "sv_maxrate" = "0"
L 03/11/2020 - 21:23:41: Server cvar "sv_maxspeed" = "500"
L 03/11/2020 - 21:23:41: Server cvar "sv_minrate" = "0"
L 03/11/2020 - 21:23:41: Server cvar "sv_password" = ""
L 03/11/2020 - 21:23:41: Server cvar "sv_proxies" = "1"
L 03/11/2020 - 21:23:41: Server cvar "sv_stepsize" = "18"
L 03/11/2020 - 21:23:41: Server cvar "sv_stopspeed" = "100"
L 03/11/2020 - 21:23:41: Server cvar "sv_uploadmax" = "0.5"
L 03/11/2020 - 21:23:41: Server cvar "sv_voiceenable" = "1"
L 03/11/2020 - 21:23:41: Server cvar "sv_wateraccelerate" = "10"
L 03/11/2020 - 21:23:41: Server cvar "sv_waterfriction" = "1"
L 03/11/2020 - 21:23:41: Server cvar "tfc_adminpwd" = ""
L 03/11/2020 - 21:23:41: Server cvar "tfc_autoteam" = "0"
L 03/11/2020 - 21:23:41: Server cvar "tfc_balance_scores" = "1.0"
L 03/11/2020 - 21:23:41: Server cvar "tfc_balance_teams" = "1.0"
L 03/11/2020 - 21:23:41: Server cvar "tfc_clanbattle" = "0.0"
L 03/11/2020 - 21:23:41: Server cvar "tfc_clanbattle_locked" = "0.0"
L 03/11/2020 - 21:23:41: Server cvar "tfc_playerid" = "0"
L 03/11/2020 - 21:23:41: Server cvar "tfc_respawndelay" = "0.0"
L 03/11/2020 - 21:23:41: Server cvar "tfc_spectchat" = "0.0"
L 03/11/2020 - 21:23:41: Server cvars end
L 03/11/2020 - 21:23:42: Server name is "SneakyFox - TFC"
L 03/11/2020 - 21:23:42: Server cvar "sv_maxspeed" = "400"
L 03/11/2020 - 21:23:42: Started map "ravelin" (CRC "2134000718")
L 03/11/2020 - 21:23:49: "[BOT]CS SUX<2647><BOT><>" entered the game
L 03/11/2020 - 21:23:49: "[BOT]CS SUX<2647><BOT><>" joined team "SPECTATOR"
L 03/11/2020 - 21:23:49: "[BOT]CS SUX<2647><BOT><>" joined team "SPECTATOR"
L 03/11/2020 - 21:23:50: Server cvar "sv_maxspeed" = "500"
L 03/11/2020 - 21:23:50: [FOXBOT]: --FoxBot Loaded--
--Visit 'www.apg-clan.org' for updates and info--
--* foxbot v0.791 *--

--FoxBot info--
Waypoints loaded
Areas loaded
Script loaded and parsed

--FoxBot vars--
botskill_lower 5
botskill_upper 3
max_bots 19
min_bots 11
Bot chat 0
Bot auto team balance Off
Bot per team balance Off

--All bot commands must be enclosed in quotes--
e.g. bot "bot_chat 20"

L 03/11/2020 - 21:23:50: "[BOT]CS SUX<2647><BOT><SPECTATOR>" joined team "Red"
L 03/11/2020 - 21:23:51: "[BOT]CS SUX<2647><BOT><Red>" changed role to "Engineer"
L 03/11/2020 - 21:23:51: "[BOT]CS SUX<2647><BOT><Red>" triggered "info_player_teamspawn"
L 03/11/2020 - 21:23:52: "[BOT]Spaminator<2648><BOT><>" entered the game
L 03/11/2020 - 21:23:52: "[BOT]Spaminator<2648><BOT><>" joined team "SPECTATOR"
L 03/11/2020 - 21:23:52: "[BOT]Spaminator<2648><BOT><>" joined team "SPECTATOR"
L 03/11/2020 - 21:23:53: "[BOT]Spaminator<2648><BOT><SPECTATOR>" joined team "Blue"
L 03/11/2020 - 21:23:54: "[BOT]Spaminator<2648><BOT><Blue>" changed role to "Medic"
L 03/11/2020 - 21:23:54: "[BOT]Spaminator<2648><BOT><Blue>" triggered "info_player_teamspawn"
L 03/11/2020 - 21:23:55: "[BOT]Caleb<2649><BOT><>" entered the game
L 03/11/2020 - 21:23:55: "[BOT]Caleb<2649><BOT><>" joined team "SPECTATOR"
L 03/11/2020 - 21:23:55: "[BOT]Caleb<2649><BOT><>" joined team "SPECTATOR"
L 03/11/2020 - 21:23:56: "[BOT]Caleb<2649><BOT><SPECTATOR>" joined team "Blue"
L 03/11/2020 - 21:23:57: "[BOT]Caleb<2649><BOT><Blue>" changed role to "HWGuy"
L 03/11/2020 - 21:23:57: "[BOT]Caleb<2649><BOT><Blue>" triggered "info_player_teamspawn"
L 03/11/2020 - 21:23:57: "[BOT]Spaminator<2648><BOT><Blue>" triggered "Blue Flag"
L 03/11/2020 - 21:23:58: "[BOT]Albert<2650><BOT><>" entered the game
L 03/11/2020 - 21:23:58: "[BOT]Albert<2650><BOT><>" joined team "SPECTATOR"
L 03/11/2020 - 21:23:58: "[BOT]Albert<2650><BOT><>" joined team "SPECTATOR"
L 03/11/2020 - 21:23:59: "[BOT]Albert<2650><BOT><SPECTATOR>" joined team "Red"
L 03/11/2020 - 21:24:00: "[BOT]Albert<2650><BOT><Red>" changed role to "Spy"
L 03/11/2020 - 21:24:00: "[BOT]Albert<2650><BOT><Red>" triggered "info_player_teamspawn"
L 03/11/2020 - 21:24:01: "[BOT]Dead Surfer<2651><BOT><>" entered the game
L 03/11/2020 - 21:24:01: "[BOT]Dead Surfer<2651><BOT><>" joined team "SPECTATOR"
L 03/11/2020 - 21:24:01: "[BOT]Dead Surfer<2651><BOT><>" joined team "SPECTATOR"
L 03/11/2020 - 21:24:02: "[BOT]Dead Surfer<2651><BOT><SPECTATOR>" joined team "Red"
L 03/11/2020 - 21:24:03: "[BOT]Dead Surfer<2651><BOT><Red>" changed role to "Engineer"
L 03/11/2020 - 21:24:03: "[BOT]Dead Surfer<2651><BOT><Red>" triggered "info_player_teamspawn"
L 03/11/2020 - 21:24:04: "[BOT]FootJob<2652><BOT><>" entered the game
L 03/11/2020 - 21:24:04: "[BOT]FootJob<2652><BOT><>" joined team "SPECTATOR"
L 03/11/2020 - 21:24:04: "[BOT]CS SUX<2647><BOT><Red>" triggered "Red Flag"
L 03/11/2020 - 21:24:04: "[BOT]FootJob<2652><BOT><>" joined team "SPECTATOR"
L 03/11/2020 - 21:24:05: "[BOT]FootJob<2652><BOT><SPECTATOR>" joined team "Blue"
L 03/11/2020 - 21:24:06: "[BOT]FootJob<2652><BOT><Blue>" changed role to "Engineer"
L 03/11/2020 - 21:24:06: "[BOT]FootJob<2652><BOT><Blue>" triggered "info_player_teamspawn"
L 03/11/2020 - 21:24:07: "[BOT]JesseJames<2653><BOT><>" entered the game
L 03/11/2020 - 21:24:07: "[BOT]JesseJames<2653><BOT><>" joined team "SPECTATOR"
L 03/11/2020 - 21:24:07: "[BOT]JesseJames<2653><BOT><>" joined team "SPECTATOR"
L 03/11/2020 - 21:24:08: "[BOT]JesseJames<2653><BOT><SPECTATOR>" joined team "Blue"
L 03/11/2020 - 21:24:09: "[BOT]JesseJames<2653><BOT><Blue>" changed role to "Sniper"
L 03/11/2020 - 21:24:09: "[BOT]JesseJames<2653><BOT><Blue>" triggered "info_player_teamspawn"
L 03/11/2020 - 21:24:10: "[BOT]Kippa<2654><BOT><>" entered the game
L 03/11/2020 - 21:24:10: "[BOT]Kippa<2654><BOT><>" joined team "SPECTATOR"
L 03/11/2020 - 21:24:10: "[BOT]Kippa<2654><BOT><>" joined team "SPECTATOR"
L 03/11/2020 - 21:24:11: "[BOT]Kippa<2654><BOT><SPECTATOR>" joined team "Red"
L 03/11/2020 - 21:24:12: "[BOT]Kippa<2654><BOT><Red>" changed role to "Medic"
L 03/11/2020 - 21:24:12: "[BOT]Kippa<2654><BOT><Red>" triggered "info_player_teamspawn"
L 03/11/2020 - 21:24:13: "[BOT]FuzzyBunny<2655><BOT><>" entered the game
L 03/11/2020 - 21:24:13: "[BOT]FuzzyBunny<2655><BOT><>" joined team "SPECTATOR"
L 03/11/2020 - 21:24:13: "[BOT]FuzzyBunny<2655><BOT><>" joined team "SPECTATOR"
L 03/11/2020 - 21:24:14: "[BOT]FuzzyBunny<2655><BOT><SPECTATOR>" joined team "Blue"
L 03/11/2020 - 21:24:15: "[BOT]FuzzyBunny<2655><BOT><Blue>" changed role to "Soldier"
L 03/11/2020 - 21:24:15: "[BOT]FuzzyBunny<2655><BOT><Blue>" triggered "info_player_teamspawn"
L 03/11/2020 - 21:24:16: "[BOT]Playa Hata<2656><BOT><>" entered the game
L 03/11/2020 - 21:24:16: "[BOT]Playa Hata<2656><BOT><>" joined team "SPECTATOR"
L 03/11/2020 - 21:24:16: "[BOT]Playa Hata<2656><BOT><>" joined team "SPECTATOR"
L 03/11/2020 - 21:24:17: "[BOT]Playa Hata<2656><BOT><SPECTATOR>" joined team "Red"
L 03/11/2020 - 21:24:18: "[BOT]Playa Hata<2656><BOT><Red>" changed role to "Scout"
L 03/11/2020 - 21:24:18: "[BOT]Playa Hata<2656><BOT><Red>" triggered "info_player_teamspawn"
L 03/11/2020 - 21:24:19: "[BOT]Katz<2657><BOT><>" entered the game
L 03/11/2020 - 21:24:19: "[BOT]Katz<2657><BOT><>" joined team "SPECTATOR"
L 03/11/2020 - 21:24:19: "[BOT]Katz<2657><BOT><>" joined team "SPECTATOR"
L 03/11/2020 - 21:24:20: "[BOT]Katz<2657><BOT><SPECTATOR>" joined team "Blue"
L 03/11/2020 - 21:24:21: "[BOT]Katz<2657><BOT><Blue>" changed role to "Sniper"
L 03/11/2020 - 21:24:21: "[BOT]Katz<2657><BOT><Blue>" triggered "info_player_teamspawn"
L 03/11/2020 - 21:24:22: "[BOT]Cheese<2658><BOT><>" entered the game
L 03/11/2020 - 21:24:22: "[BOT]Cheese<2658><BOT><>" joined team "SPECTATOR"
L 03/11/2020 - 21:24:22: "[BOT]Cheese<2658><BOT><>" joined team "SPECTATOR"
L 03/11/2020 - 21:24:23: "[BOT]Cheese<2658><BOT><SPECTATOR>" joined team "Red"
L 03/11/2020 - 21:24:24: "[BOT]Cheese<2658><BOT><Red>" changed role to "Sniper"
L 03/11/2020 - 21:24:24: "[BOT]Cheese<2658><BOT><Red>" triggered "info_player_teamspawn"
L 03/11/2020 - 21:24:25: "[BOT]Ted<2659><BOT><>" entered the game
L 03/11/2020 - 21:24:25: "[BOT]Ted<2659><BOT><>" joined team "SPECTATOR"
L 03/11/2020 - 21:24:25: "[BOT]Ted<2659><BOT><>" joined team "SPECTATOR"
L 03/11/2020 - 21:24:26: "[BOT]Ted<2659><BOT><SPECTATOR>" joined team "Blue"
L 03/11/2020 - 21:24:27: "[BOT]Ted<2659><BOT><Blue>" changed role to "Pyro"
L 03/11/2020 - 21:24:27: "[BOT]Ted<2659><BOT><Blue>" triggered "info_player_teamspawn"
L 03/11/2020 - 21:24:28: "[BOT]Barry<2660><BOT><>" entered the game
L 03/11/2020 - 21:24:28: "[BOT]Barry<2660><BOT><>" joined team "SPECTATOR"
L 03/11/2020 - 21:24:28: "[BOT]Barry<2660><BOT><>" joined team "SPECTATOR"
L 03/11/2020 - 21:24:29: "[BOT]Barry<2660><BOT><SPECTATOR>" joined team "Red"
L 03/11/2020 - 21:24:30: "[BOT]Barry<2660><BOT><Red>" changed role to "Spy"
L 03/11/2020 - 21:24:30: "[BOT]Barry<2660><BOT><Red>" triggered "info_player_teamspawn"
L 03/11/2020 - 21:24:31: "[BOT]Alfonzo<2661><BOT><>" entered the game
L 03/11/2020 - 21:24:31: "[BOT]Alfonzo<2661><BOT><>" joined team "SPECTATOR"
L 03/11/2020 - 21:24:31: "[BOT]Alfonzo<2661><BOT><>" joined team "SPECTATOR"
L 03/11/2020 - 21:24:32: "[BOT]Alfonzo<2661><BOT><SPECTATOR>" joined team "Blue"
L 03/11/2020 - 21:24:33: "[BOT]Alfonzo<2661><BOT><Blue>" changed role to "Pyro"
L 03/11/2020 - 21:24:33: "[BOT]Alfonzo<2661><BOT><Blue>" triggered "info_player_teamspawn"
L 03/11/2020 - 21:24:34: Kick: "[BOT]Katz<2657><STEAM_0:1:1316><>" was kicked by "Console"
L 03/11/2020 - 21:24:34: "[BOT]Katz<2657><BOT><Blue>" disconnected
L 03/11/2020 - 21:24:38: "[BOT]CS SUX<2647><BOT><Red>" triggered "Sentry_Built_Level_1"
L 03/11/2020 - 21:24:42: "[BOT]Dead Surfer<2651><BOT><Red>" triggered "Sentry_Upgrade_Level_2" against "[BOT]CS SUX<2647><BOT><Red>"
L 03/11/2020 - 21:24:49: "[BOT]Caleb<2649><BOT><Blue>" killed "[BOT]Cheese<2658><BOT><Red>" with "ac"
L 03/11/2020 - 21:24:50: "[BOT]Cheese<2658><BOT><Red>" triggered "info_player_teamspawn"
L 03/11/2020 - 21:25:09: "[BOT]Caleb<2649><BOT><Blue>" killed "[BOT]Barry<2660><BOT><Red>" with "ac"
L 03/11/2020 - 21:25:10: "[BOT]Barry<2660><BOT><Red>" triggered "info_player_teamspawn"
L 03/11/2020 - 21:25:12: "[BOT]Caleb<2649><BOT><Blue>" killed "[BOT]Kippa<2654><BOT><Red>" with "ac"
L 03/11/2020 - 21:25:13: "[BOT]Kippa<2654><BOT><Red>" triggered "info_player_teamspawn"
L 03/11/2020 - 21:25:16: "[BOT]CS SUX<2647><BOT><Red>" killed "[BOT]Spaminator<2648><BOT><Blue>" with "sentrygun"
L 03/11/2020 - 21:25:17: "[BOT]Spaminator<2648><BOT><Blue>" triggered "info_player_teamspawn"
L 03/11/2020 - 21:25:18: "[BOT]Caleb<2649><BOT><Blue>" killed "[BOT]Dead Surfer<2651><BOT><Red>" with "ac"
L 03/11/2020 - 21:25:19: "[BOT]Dead Surfer<2651><BOT><Red>" triggered "info_player_teamspawn"
L 03/11/2020 - 21:25:19: "[BOT]n00b_h8ter<2662><BOT><>" entered the game
L 03/11/2020 - 21:25:19: "[BOT]n00b_h8ter<2662><BOT><>" joined team "SPECTATOR"
L 03/11/2020 - 21:25:20: "[BOT]n00b_h8ter<2662><BOT><>" joined team "SPECTATOR"
L 03/11/2020 - 21:25:21: "[BOT]n00b_h8ter<2662><BOT><SPECTATOR>" joined team "Red"
L 03/11/2020 - 21:25:21: "[BOT]n00b_h8ter<2662><BOT><Red>" changed role to "Engineer"
L 03/11/2020 - 21:25:21: "[BOT]n00b_h8ter<2662><BOT><Red>" triggered "info_player_teamspawn"
L 03/11/2020 - 21:25:34: "[BOT]Caleb<2649><BOT><Blue>" killed "[BOT]Dead Surfer<2651><BOT><Red>" with "ac"
L 03/11/2020 - 21:25:35: "[BOT]Dead Surfer<2651><BOT><Red>" triggered "info_player_teamspawn"
L 03/11/2020 - 21:25:35: "[BOT]Spaminator<2648><BOT><Blue>" triggered "lockred"
L 03/11/2020 - 21:25:41: "[BOT]n00b_h8ter<2662><BOT><Red>" triggered "Sentry_Built_Level_1"
L 03/11/2020 - 21:25:42: "[BOT]FootJob<2652><BOT><Blue>" triggered "Teleporter_Entrance_Finished"
L 03/11/2020 - 21:25:59: "[BOT]Spaminator<2648><BOT><Blue>" triggered "lockred"
L 03/11/2020 - 21:26:02: "[BOT]Caleb<2649><BOT><Blue>" killed "[BOT]Cheese<2658><BOT><Red>" with "ac"
L 03/11/2020 - 21:26:03: "[BOT]Cheese<2658><BOT><Red>" triggered "info_player_teamspawn"
L 03/11/2020 - 21:26:06: "[BOT]Caleb<2649><BOT><Blue>" killed "[BOT]n00b_h8ter<2662><BOT><Red>" with "ac"
L 03/11/2020 - 21:26:06: "[BOT]Spaminator<2648><BOT><Blue>" killed "[BOT]Playa Hata<2656><BOT><Red>" with "supershotgun"
L 03/11/2020 - 21:26:07: "[BOT]Playa Hata<2656><BOT><Red>" triggered "info_player_teamspawn"
L 03/11/2020 - 21:26:08: "[BOT]n00b_h8ter<2662><BOT><Red>" triggered "info_player_teamspawn"
L 03/11/2020 - 21:26:12: "[BOT]CS SUX<2647><BOT><Red>" triggered "lockblue"
L 03/11/2020 - 21:26:12: "[BOT]Caleb<2649><BOT><Blue>" triggered "Blue Flag"
L 03/11/2020 - 21:26:13: "[BOT]Alfonzo<2661><BOT><Blue>" killed "[BOT]Cheese<2658><BOT><Red>" with "flames"
L 03/11/2020 - 21:26:13: "[BOT]n00b_h8ter<2662><BOT><Red>" killed "[BOT]Caleb<2649><BOT><Blue>" with "sentrygun"
L 03/11/2020 - 21:26:14: "[BOT]Caleb<2649><BOT><Blue>" triggered "info_player_teamspawn"
L 03/11/2020 - 21:26:15: "[BOT]Cheese<2658><BOT><Red>" triggered "info_player_teamspawn"
L 03/11/2020 - 21:26:18: "[BOT]FootJob<2652><BOT><Blue>" triggered "Sentry_Built_Level_1"
L 03/11/2020 - 21:26:21: "[BOT]FootJob<2652><BOT><Blue>" killed "[BOT]Barry<2660><BOT><Red>" with "sentrygun"
L 03/11/2020 - 21:26:22: "[BOT]Barry<2660><BOT><Red>" triggered "info_player_teamspawn"
L 03/11/2020 - 21:26:22: "[BOT]CS SUX<2647><BOT><Red>" triggered "Blue Capture Point"
L 03/11/2020 - 21:26:22: "[BOT]CS SUX<2647><BOT><Red>" triggered "%s captured the BLUE base!
"
L 03/11/2020 - 21:26:22: "[BOT]Playa Hata<2656><BOT><Red>" triggered "Red Flag"
L 03/11/2020 - 21:26:27: "[BOT]Ted<2659><BOT><Blue>" killed "[BOT]n00b_h8ter<2662><BOT><Red>" with "flames"
L 03/11/2020 - 21:26:28: "[BOT]n00b_h8ter<2662><BOT><Red>" triggered "info_player_teamspawn"
L 03/11/2020 - 21:26:29: "[BOT]FuzzyBunny<2655><BOT><Blue>" killed "[BOT]Cheese<2658><BOT><Red>" with "supershotgun"
L 03/11/2020 - 21:26:29: "[BOT]Cheese<2658><BOT><Red>" changed role to "Demoman"
L 03/11/2020 - 21:26:30: "[BOT]Caleb<2649><BOT><Blue>" triggered "lockred"
L 03/11/2020 - 21:26:30: "[BOT]Cheese<2658><BOT><Red>" triggered "info_player_teamspawn"
L 03/11/2020 - 21:26:35: "[BOT]FuzzyBunny<2655><BOT><Blue>" triggered "Blue Flag"
L 03/11/2020 - 21:26:36: "[BOT]CS SUX<2647><BOT><Red>" triggered "lockblue"
L 03/11/2020 - 21:26:36: "[BOT]n00b_h8ter<2662><BOT><Red>" killed "[BOT]FuzzyBunny<2655><BOT><Blue>" with "sentrygun"
L 03/11/2020 - 21:26:37: "[BOT]FuzzyBunny<2655><BOT><Blue>" triggered "info_player_teamspawn"
L 03/11/2020 - 21:26:43: "[BOT]n00b_h8ter<2662><BOT><Red>" killed "[BOT]Ted<2659><BOT><Blue>" with "sentrygun"
L 03/11/2020 - 21:26:44: "[BOT]Ted<2659><BOT><Blue>" triggered "info_player_teamspawn"
L 03/11/2020 - 21:26:54: "[BOT]Caleb<2649><BOT><Blue>" triggered "lockred"
L 03/11/2020 - 21:27:04: "[BOT]FootJob<2652><BOT><Blue>" killed "[BOT]Playa Hata<2656><BOT><Red>" with "sentrygun"
L 03/11/2020 - 21:27:05: "[BOT]Playa Hata<2656><BOT><Red>" triggered "info_player_teamspawn"
L 03/11/2020 - 21:27:09: "[BOT]Barry<2660><BOT><Red>" killed "[BOT]Spaminator<2648><BOT><Blue>" with "supershotgun"
L 03/11/2020 - 21:27:10: "[BOT]Dotcom<2663><BOT><>" entered the game
L 03/11/2020 - 21:27:10: "[BOT]Dotcom<2663><BOT><>" joined team "SPECTATOR"
L 03/11/2020 - 21:27:11: "[BOT]Spaminator<2648><BOT><Blue>" triggered "info_player_teamspawn"
L 03/11/2020 - 21:27:11: "[BOT]Dotcom<2663><BOT><>" joined team "SPECTATOR"
L 03/11/2020 - 21:27:12: "[BOT]Dotcom<2663><BOT><SPECTATOR>" joined team "Red"
L 03/11/2020 - 21:27:12: "[BOT]Dotcom<2663><BOT><Red>" changed role to "Medic"
L 03/11/2020 - 21:27:12: "[BOT]Dotcom<2663><BOT><Red>" triggered "info_player_teamspawn"
L 03/11/2020 - 21:27:13: "[BOT]Barry<2660><BOT><Red>" killed "[BOT]Alfonzo<2661><BOT><Blue>" with "supershotgun"
L 03/11/2020 - 21:27:14: "[BOT]Alfonzo<2661><BOT><Blue>" triggered "info_player_teamspawn"
L 03/11/2020 - 21:27:16: "[BOT]FuzzyBunny<2655><BOT><Blue>" killed "[BOT]Dead Surfer<2651><BOT><Red>" with "supershotgun"
L 03/11/2020 - 21:27:17: "[BOT]Albert<2650><BOT><Red>" joined team "SPECTATOR"
L 03/11/2020 - 21:27:18: "[BOT]Albert<2650><BOT><SPECTATOR>" joined team "Blue"
L 03/11/2020 - 21:27:18: "[BOT]Dead Surfer<2651><BOT><Red>" triggered "info_player_teamspawn"
L 03/11/2020 - 21:27:18: "[BOT]Albert<2650><BOT><Blue>" changed role to "Spy"
L 03/11/2020 - 21:27:18: "[BOT]Albert<2650><BOT><Blue>" triggered "info_player_teamspawn"
L 03/11/2020 - 21:27:39: "[BOT]Spaminator<2648><BOT><Blue>" triggered "Medic_Heal" against "[BOT]JesseJames<2653><BOT><Blue>"
L 03/11/2020 - 21:27:39: "[BOT]FootJob<2652><BOT><Blue>" triggered "Sentry_Upgrade_Level_2"
L 03/11/2020 - 21:27:41: "[BOT]Alfonzo<2661><BOT><Blue>" triggered "Blue Flag"
L 03/11/2020 - 21:27:44: "[BOT]Kippa<2654><BOT><Red>" triggered "Medic_Heal" against "[BOT]CS SUX<2647><BOT><Red>"
L 03/11/2020 - 21:27:48: "[BOT]Kippa<2654><BOT><Red>" triggered "Medic_Heal" against "[BOT]CS SUX<2647><BOT><Red>"
L 03/11/2020 - 21:27:48: "[BOT]Cheese<2658><BOT><Red>" killed "[BOT]FuzzyBunny<2655><BOT><Blue>" with "shotgun"
L 03/11/2020 - 21:27:49: "[BOT]Kippa<2654><BOT><Red>" triggered "Medic_Heal" against "[BOT]Barry<2660><BOT><Red>"
L 03/11/2020 - 21:27:49: "[BOT]Kippa<2654><BOT><Red>" triggered "Medic_Heal" against "[BOT]Barry<2660><BOT><Red>"
L 03/11/2020 - 21:27:50: "[BOT]FuzzyBunny<2655><BOT><Blue>" triggered "info_player_teamspawn"
L 03/11/2020 - 21:27:59: "[BOT]Dead Surfer<2651><BOT><Red>" triggered "Teleporter_Entrance_Finished"
L 03/11/2020 - 21:28:01: "[BOT]Dotcom<2663><BOT><Red>" killed "[BOT]Spaminator<2648><BOT><Blue>" with "supershotgun"
L 03/11/2020 - 21:28:02: "[BOT]Spaminator<2648><BOT><Blue>" triggered "info_player_teamspawn"
L 03/11/2020 - 21:28:12: "[BOT]Cheese<2658><BOT><Red>" killed "[BOT]Albert<2650><BOT><Blue>" with "pipebomb"
L 03/11/2020 - 21:28:13: "[BOT]n00b_h8ter<2662><BOT><Red>" triggered "Sentry_Upgrade_Level_2"
L 03/11/2020 - 21:28:13: "[BOT]Albert<2650><BOT><Blue>" triggered "info_player_teamspawn"
L 03/11/2020 - 21:28:22: "[BOT]Alfonzo<2661><BOT><Blue>" killed "[BOT]Dotcom<2663><BOT><Red>" with "rocket"
L 03/11/2020 - 21:28:24: "[BOT]Playa Hata<2656><BOT><Red>" triggered "Red Flag"
L 03/11/2020 - 21:28:24: "[BOT]Dotcom<2663><BOT><Red>" triggered "info_player_teamspawn"
L 03/11/2020 - 21:28:34: "[BOT]FootJob<2652><BOT><Blue>" killed "[BOT]Kippa<2654><BOT><Red>" with "sentrygun"
L 03/11/2020 - 21:28:35: "[BOT]Kippa<2654><BOT><Red>" triggered "info_player_teamspawn"
L 03/11/2020 - 21:28:42: "[BOT]n00b_h8ter<2662><BOT><Red>" killed "[BOT]Alfonzo<2661><BOT><Blue>" with "sentrygun"
L 03/11/2020 - 21:28:43: "[BOT]Dead Surfer<2651><BOT><Red>" triggered "Sentry_Built_Level_1"
L 03/11/2020 - 21:28:43: "[BOT]Alfonzo<2661><BOT><Blue>" triggered "info_player_teamspawn"
L 03/11/2020 - 21:28:48: "[BOT]Caleb<2649><BOT><Blue>" killed "[BOT]Cheese<2658><BOT><Red>" with "ac"
L 03/11/2020 - 21:28:49: "[BOT]BigDaddy<2664><BOT><>" entered the game
L 03/11/2020 - 21:28:49: "[BOT]BigDaddy<2664><BOT><>" joined team "SPECTATOR"
L 03/11/2020 - 21:28:50: "[BOT]BigDaddy<2664><BOT><>" joined team "SPECTATOR"
L 03/11/2020 - 21:28:50: "[BOT]Cheese<2658><BOT><Red>" triggered "info_player_teamspawn"
L 03/11/2020 - 21:28:51: "[BOT]BigDaddy<2664><BOT><SPECTATOR>" joined team "Red"
L 03/11/2020 - 21:28:51: "[BOT]BigDaddy<2664><BOT><Red>" changed role to "Medic"
L 03/11/2020 - 21:28:51: "[BOT]BigDaddy<2664><BOT><Red>" triggered "info_player_teamspawn"
L 03/11/2020 - 21:28:55: "[BOT]n00b_h8ter<2662><BOT><Red>" triggered "Sentry_Upgrade_Level_3"
L 03/11/2020 - 21:29:01: "[BOT]Alfonzo<2661><BOT><Blue>" triggered "lockred"
L 03/11/2020 - 21:29:10: "[BOT]Albert<2650><BOT><Blue>" triggered "Discovered_Spy" against "[BOT]Barry<2660><BOT><Red>"
L 03/11/2020 - 21:29:16: Kick: "[BOT]Cheese<2658><STEAM_0:0:1317><>" was kicked by "Console"
L 03/11/2020 - 21:29:16: "[BOT]Cheese<2658><BOT><Red>" disconnected
L 03/11/2020 - 21:29:23: "[BOT]Dotcom<2663><BOT><Red>" committed suicide with "worldspawn" (world)
L 03/11/2020 - 21:29:24: "[BOT]Dotcom<2663><BOT><Red>" triggered "info_player_teamspawn"
L 03/11/2020 - 21:29:25: "[BOT]Alfonzo<2661><BOT><Blue>" triggered "lockred"
L 03/11/2020 - 21:29:25: "[BOT]Kippa<2654><BOT><Red>" killed "[BOT]Ted<2659><BOT><Blue>" with "supershotgun"
L 03/11/2020 - 21:29:26: "[BOT]Ted<2659><BOT><Blue>" triggered "info_player_teamspawn"
L 03/11/2020 - 21:29:27: "[BOT]Alfonzo<2661><BOT><Blue>" killed "[BOT]Playa Hata<2656><BOT><Red>" with "flames"
L 03/11/2020 - 21:29:28: "[BOT]Playa Hata<2656><BOT><Red>" triggered "info_player_teamspawn"
L 03/11/2020 - 21:29:28: "[BOT]BigDaddy<2664><BOT><Red>" killed "[BOT]Spaminator<2648><BOT><Blue>" with "supershotgun"
L 03/11/2020 - 21:29:31: "[BOT]Spaminator<2648><BOT><Blue>" triggered "info_player_teamspawn"
L 03/11/2020 - 21:29:31: "[BOT]Caleb<2649><BOT><Blue>" killed "[BOT]Barry<2660><BOT><Red>" with "ac"
L 03/11/2020 - 21:29:32: "[BOT]Barry<2660><BOT><Red>" triggered "info_player_teamspawn"
L 03/11/2020 - 21:29:35: "[BOT]FootJob<2652><BOT><Blue>" triggered "Sentry_Upgrade_Level_3"
L 03/11/2020 - 21:29:45: "[BOT]Caleb<2649><BOT><Blue>" killed "[BOT]BigDaddy<2664><BOT><Red>" with "ac"
L 03/11/2020 - 21:29:47: "[BOT]BigDaddy<2664><BOT><Red>" triggered "info_player_teamspawn"
L 03/11/2020 - 21:29:47: "[BOT]Spaminator<2648><BOT><Blue>" triggered "Blue Flag"
L 03/11/2020 - 21:30:07: "[BOT]FuzzyBunny<2655><BOT><Blue>" killed "[BOT]Playa Hata<2656><BOT><Red>" with "supershotgun"
L 03/11/2020 - 21:30:07: "[BOT]Playa Hata<2656><BOT><Red>" changed role to "Demoman"
L 03/11/2020 - 21:30:08: "[BOT]Playa Hata<2656><BOT><Red>" triggered "info_player_teamspawn"
L 03/11/2020 - 21:30:27: "[BOT]Caleb<2649><BOT><Blue>" killed "[BOT]BigDaddy<2664><BOT><Red>" with "ac"
L 03/11/2020 - 21:30:29: "[BOT]BigDaddy<2664><BOT><Red>" triggered "info_player_teamspawn"
L 03/11/2020 - 21:30:31: "[BOT]n00b_h8ter<2662><BOT><Red>" triggered "Sentry_Upgrade_Level_3" against "[BOT]CS SUX<2647><BOT><Red>"
L 03/11/2020 - 21:30:32: "[BOT]BigDaddy<2664><BOT><Red>" triggered "Red Flag"
L 03/11/2020 - 21:30:39: "[BOT]FootJob<2652><BOT><Blue>" killed "[BOT]Barry<2660><BOT><Red>" with "sentrygun"
L 03/11/2020 - 21:30:40: "[BOT]Barry<2660><BOT><Red>" triggered "info_player_teamspawn"
L 03/11/2020 - 21:30:45: "[BOT]Ted<2659><BOT><Blue>" killed "[BOT]Playa Hata<2656><BOT><Red>" with "rocket"
L 03/11/2020 - 21:30:46: "[BOT]Playa Hata<2656><BOT><Red>" triggered "info_player_teamspawn"
L 03/11/2020 - 21:30:57: "[BOT]Spaminator<2648><BOT><Blue>" killed "[BOT]n00b_h8ter<2662><BOT><Red>" with "supershotgun"
L 03/11/2020 - 21:30:57: "[BOT]Dead Surfer<2651><BOT><Red>" triggered "Sentry_Upgrade_Level_2"
L 03/11/2020 - 21:30:59: "[BOT]n00b_h8ter<2662><BOT><Red>" triggered "info_player_teamspawn"
L 03/11/2020 - 21:30:59: "[BOT]FuzzyBunny<2655><BOT><Blue>" killed "[BOT]Kippa<2654><BOT><Red>" with "supershotgun"
L 03/11/2020 - 21:31:00: "[BOT]Kippa<2654><BOT><Red>" triggered "info_player_teamspawn"
L 03/11/2020 - 21:31:10: "[BOT]Dead Surfer<2651><BOT><Red>" killed "[BOT]Spaminator<2648><BOT><Blue>" with "sentrygun"
L 03/11/2020 - 21:31:11: "[BOT]Spaminator<2648><BOT><Blue>" triggered "info_player_teamspawn"
L 03/11/2020 - 21:31:17: Kick: "[BOT]JesseJames<2653><STEAM_0:1:1314><>" was kicked by "Console"
L 03/11/2020 - 21:31:17: "[BOT]JesseJames<2653><BOT><Blue>" disconnected
L 03/11/2020 - 21:31:19: "[BOT]Dead Surfer<2651><BOT><Red>" killed "[BOT]Ted<2659><BOT><Blue>" with "sentrygun"
L 03/11/2020 - 21:31:21: "[BOT]FuzzyBunny<2655><BOT><Blue>" killed "[BOT]Dead Surfer<2651><BOT><Red>" with "supershotgun"
L 03/11/2020 - 21:31:21: "[BOT]Ted<2659><BOT><Blue>" triggered "info_player_teamspawn"
L 03/11/2020 - 21:31:21: "[BOT]Spaminator<2648><BOT><Blue>" triggered "Medic_Heal" against "[BOT]FootJob<2652><BOT><Blue>"
L 03/11/2020 - 21:31:22: "[BOT]Dead Surfer<2651><BOT><Red>" triggered "info_player_teamspawn"
L 03/11/2020 - 21:31:22: "[BOT]FuzzyBunny<2655><BOT><Blue>" killed "[BOT]Playa Hata<2656><BOT><Red>" with "supershotgun"
L 03/11/2020 - 21:31:23: "[BOT]Playa Hata<2656><BOT><Red>" triggered "info_player_teamspawn"
L 03/11/2020 - 21:31:35: "[BOT]FootJob<2652><BOT><Blue>" killed "[BOT]BigDaddy<2664><BOT><Red>" with "sentrygun"
L 03/11/2020 - 21:31:36: "[BOT]BigDaddy<2664><BOT><Red>" triggered "info_player_teamspawn"
L 03/11/2020 - 21:31:40: "[BOT]FuzzyBunny<2655><BOT><Blue>" killed "[BOT]n00b_h8ter<2662><BOT><Red>" with "rocket"
L 03/11/2020 - 21:31:42: "[BOT]n00b_h8ter<2662><BOT><Red>" triggered "info_player_teamspawn"
L 03/11/2020 - 21:31:48: "[BOT]Alfonzo<2661><BOT><Blue>" committed suicide with "miniturret" (world)
L 03/11/2020 - 21:31:48: "[BOT]Dead Surfer<2651><BOT><Red>" triggered "Sentry_Upgrade_Level_3"
L 03/11/2020 - 21:31:49: "[BOT]Alfonzo<2661><BOT><Blue>" triggered "info_player_teamspawn"
L 03/11/2020 - 21:31:51: "[BOT]FootJob<2652><BOT><Blue>" triggered "Built_Dispenser"
L 03/11/2020 - 21:31:52: "[BOT]FuzzyBunny<2655><BOT><Blue>" committed suicide with "miniturret" (world)
L 03/11/2020 - 21:31:52: "[BOT]Caleb<2649><BOT><Blue>" killed "[BOT]Playa Hata<2656><BOT><Red>" with "ac"
L 03/11/2020 - 21:31:53: "[BOT]FuzzyBunny<2655><BOT><Blue>" triggered "info_player_teamspawn"
L 03/11/2020 - 21:31:53: "[BOT]Playa Hata<2656><BOT><Red>" triggered "info_player_teamspawn"
L 03/11/2020 - 21:31:55: "[BOT]BigDaddy<2664><BOT><Red>" triggered "Medic_Heal" against "[BOT]Barry<2660><BOT><Red>"
L 03/11/2020 - 21:32:12: "[BOT]BigDaddy<2664><BOT><Red>" triggered "Medic_Heal" against "[BOT]CS SUX<2647><BOT><Red>"
L 03/11/2020 - 21:32:13: "[BOT]BigDaddy<2664><BOT><Red>" triggered "Medic_Heal" against "[BOT]CS SUX<2647><BOT><Red>"
L 03/11/2020 - 21:32:14: "[BOT]Spaminator<2648><BOT><Blue>" triggered "Medic_Heal" against "[BOT]Caleb<2649><BOT><Blue>"
L 03/11/2020 - 21:32:15: "[BOT]Ted<2659><BOT><Blue>" triggered "Blue Flag"
L 03/11/2020 - 21:32:20: "[BOT]Steave<2665><BOT><>" entered the game
L 03/11/2020 - 21:32:20: "[BOT]Steave<2665><BOT><>" joined team "SPECTATOR"
L 03/11/2020 - 21:32:20: "[BOT]Steave<2665><BOT><>" joined team "SPECTATOR"
L 03/11/2020 - 21:32:21: "[BOT]Steave<2665><BOT><SPECTATOR>" joined team "Blue"
L 03/11/2020 - 21:32:21: "[BOT]n00b_h8ter<2662><BOT><Red>" triggered "Teleporter_Entrance_Finished"
L 03/11/2020 - 21:32:22: "[BOT]Steave<2665><BOT><Blue>" changed role to "Sniper"
L 03/11/2020 - 21:32:22: "[BOT]Steave<2665><BOT><Blue>" triggered "info_player_teamspawn"
L 03/11/2020 - 21:32:32: "[BOT]BigDaddy<2664><BOT><Red>" triggered "Medic_Heal" against "[BOT]n00b_h8ter<2662><BOT><Red>"
L 03/11/2020 - 21:32:39: "[BOT]Ted<2659><BOT><Blue>" killed "[BOT]Kippa<2654><BOT><Red>" with "flames"
L 03/11/2020 - 21:32:39: "[BOT]Ted<2659><BOT><Blue>" killed "[BOT]Kippa<2654><BOT><Red>" with "flames"
L 03/11/2020 - 21:32:40: "[BOT]Kippa<2654><BOT><Red>" triggered "info_player_teamspawn"
L 03/11/2020 - 21:32:42: "[BOT]Kippa<2654><BOT><Red>" triggered "Red Flag"
L 03/11/2020 - 21:32:46: "[BOT]Dead Surfer<2651><BOT><Red>" triggered "Built_Dispenser"
L 03/11/2020 - 21:32:49: "[BOT]Spaminator<2648><BOT><Blue>" killed "[BOT]Dotcom<2663><BOT><Red>" with "supershotgun"
L 03/11/2020 - 21:32:50: "[BOT]Dotcom<2663><BOT><Red>" triggered "info_player_teamspawn"
L 03/11/2020 - 21:32:54: "[BOT]Kippa<2654><BOT><Red>" killed "[BOT]Ted<2659><BOT><Blue>" with "supershotgun"
L 03/11/2020 - 21:32:55: "[BOT]Ted<2659><BOT><Blue>" triggered "info_player_teamspawn"
L 03/11/2020 - 21:32:59: "[BOT]Playa Hata<2656><BOT><Red>" killed "[BOT]Spaminator<2648><BOT><Blue>" with "axe"
L 03/11/2020 - 21:33:00: "[BOT]Alfonzo<2661><BOT><Blue>" killed "[BOT]Playa Hata<2656><BOT><Red>" with "flames"
L 03/11/2020 - 21:33:00: "[BOT]Spaminator<2648><BOT><Blue>" triggered "info_player_teamspawn"
L 03/11/2020 - 21:33:02: "[BOT]Playa Hata<2656><BOT><Red>" triggered "info_player_teamspawn"
L 03/11/2020 - 21:33:04: "[BOT]Kippa<2654><BOT><Red>" killed "[BOT]Alfonzo<2661><BOT><Blue>" with "supershotgun"
L 03/11/2020 - 21:33:05: "[BOT]Alfonzo<2661><BOT><Blue>" triggered "info_player_teamspawn"
L 03/11/2020 - 21:33:11: "[BOT]Steave<2665><BOT><Blue>" killed "[BOT]Kippa<2654><BOT><Red>" with "sniperrifle"
L 03/11/2020 - 21:33:13: "[BOT]Kippa<2654><BOT><Red>" triggered "info_player_teamspawn"
L 03/11/2020 - 21:33:14: "[BOT]Barry<2660><BOT><Red>" triggered "Red Flag"
L 03/11/2020 - 21:33:25: "[BOT]Caleb<2649><BOT><Blue>" killed "[BOT]n00b_h8ter<2662><BOT><Red>" with "ac"
L 03/11/2020 - 21:33:26: "[BOT]n00b_h8ter<2662><BOT><Red>" triggered "info_player_teamspawn"
L 03/11/2020 - 21:33:27: "[BOT]FootJob<2652><BOT><Blue>" killed "[BOT]Barry<2660><BOT><Red>" with "sentrygun"
L 03/11/2020 - 21:33:28: "[BOT]Barry<2660><BOT><Red>" triggered "info_player_teamspawn"
L 03/11/2020 - 21:33:47: "[BOT]n00b_h8ter<2662><BOT><Red>" triggered "Built_Dispenser"
L 03/11/2020 - 21:33:57: "[BOT]Kippa<2654><BOT><Red>" triggered "Medic_Heal" against "[BOT]Playa Hata<2656><BOT><Red>"
L 03/11/2020 - 21:33:59: "[BOT]FootJob<2652><BOT><Blue>" triggered "Blue Flag"
L 03/11/2020 - 21:34:08: Kick: "[BOT]Dead Surfer<2651><STEAM_0:1:1313><>" was kicked by "Console"
L 03/11/2020 - 21:34:08: "[BOT]Dead Surfer<2651><BOT><Red>" disconnected
L 03/11/2020 - 21:34:08: "[BOT]Dead Surfer<2651><BOT><Red>" triggered "Dispenser_Destroyed"
L 03/11/2020 - 21:34:08: "[BOT]Dead Surfer<2651><BOT><Red>" triggered "Sentry_Destroyed"
L 03/11/2020 - 21:34:08: "[BOT]Dead Surfer<2651><BOT><Red>" triggered "Teleporter_Entrance_Destroyed"
L 03/11/2020 - 21:34:08: "[BOT]Spaminator<2648><BOT><Blue>" triggered "Medic_Infection" against "[BOT]Playa Hata<2656><BOT><Red>"
L 03/11/2020 - 21:34:11: "[BOT]Spaminator<2648><BOT><Blue>" killed "[BOT]Playa Hata<2656><BOT><Red>" with "medikit"
L 03/11/2020 - 21:34:11: "[BOT]Playa Hata<2656><BOT><Red>" changed role to "Engineer"
L 03/11/2020 - 21:34:12: "[BOT]Playa Hata<2656><BOT><Red>" triggered "info_player_teamspawn"
L 03/11/2020 - 21:34:12: "[BOT]FuzzyBunny<2655><BOT><Blue>" killed "[BOT]Kippa<2654><BOT><Red>" with "supershotgun"
L 03/11/2020 - 21:34:13: "[BOT]Kippa<2654><BOT><Red>" triggered "info_player_teamspawn"
L 03/11/2020 - 21:34:25: "[BOT]Caleb<2649><BOT><Blue>" killed "[BOT]Dotcom<2663><BOT><Red>" with "ac"
L 03/11/2020 - 21:34:25: "[BOT]Caleb<2649><BOT><Blue>" killed "[BOT]BigDaddy<2664><BOT><Red>" with "ac"
L 03/11/2020 - 21:34:26: "[BOT]Dotcom<2663><BOT><Red>" triggered "info_player_teamspawn"
L 03/11/2020 - 21:34:26: "[BOT]BigDaddy<2664><BOT><Red>" triggered "info_player_teamspawn"
L 03/11/2020 - 21:34:27: "[BOT]FuzzyBunny<2655><BOT><Blue>" killed "[BOT]n00b_h8ter<2662><BOT><Red>" with "supershotgun"
L 03/11/2020 - 21:34:28: "[BOT]n00b_h8ter<2662><BOT><Red>" triggered "info_player_teamspawn"
L 03/11/2020 - 21:34:33: "[BOT]Dotcom<2663><BOT><Red>" triggered "Red Flag"
L 03/11/2020 - 21:34:35: "[BOT]n00b_h8ter<2662><BOT><Red>" triggered "Teleporter_Entrance_Destroyed"
L 03/11/2020 - 21:34:36: "[BOT]Caleb<2649><BOT><Blue>" killed "[BOT]Barry<2660><BOT><Red>" with "ac"
L 03/11/2020 - 21:34:36: "[BOT]Barry<2660><BOT><Red>" changed role to "HWGuy"
L 03/11/2020 - 21:34:38: "[BOT]Caleb<2649><BOT><Blue>" killed "[BOT]Kippa<2654><BOT><Red>" with "ac"
L 03/11/2020 - 21:34:38: "[BOT]Kippa<2654><BOT><Red>" changed role to "Demoman"
L 03/11/2020 - 21:34:38: "[BOT]Barry<2660><BOT><Red>" triggered "info_player_teamspawn"
L 03/11/2020 - 21:34:39: "[BOT]Kippa<2654><BOT><Red>" triggered "info_player_teamspawn"
L 03/11/2020 - 21:34:46: "[BOT]BigDaddy<2664><BOT><Red>" killed "[BOT]Ted<2659><BOT><Blue>" with "supershotgun"
L 03/11/2020 - 21:34:48: "[BOT]Ted<2659><BOT><Blue>" triggered "info_player_teamspawn"
L 03/11/2020 - 21:34:51: "[BOT]Alfonzo<2661><BOT><Blue>" committed suicide with "rocket"
L 03/11/2020 - 21:34:52: "[BOT]Alfonzo<2661><BOT><Blue>" triggered "info_player_teamspawn"
L 03/11/2020 - 21:35:03: "[BOT]Playa Hata<2656><BOT><Red>" triggered "Teleporter_Entrance_Finished"
L 03/11/2020 - 21:35:04: "[BOT]Kippa<2654><BOT><Red>" killed "[BOT]Caleb<2649><BOT><Blue>" with "pipebomb"
L 03/11/2020 - 21:35:06: "[BOT]Caleb<2649><BOT><Blue>" triggered "info_player_teamspawn"
L 03/11/2020 - 21:35:15: "[BOT]FootJob<2652><BOT><Blue>" killed "[BOT]Dotcom<2663><BOT><Red>" with "sentrygun"
L 03/11/2020 - 21:35:15: "[BOT]Dotcom<2663><BOT><Red>" changed role to "Spy"
L 03/11/2020 - 21:35:16: "[BOT]Dotcom<2663><BOT><Red>" triggered "info_player_teamspawn"
L 03/11/2020 - 21:35:16: "[BOT]Barry<2660><BOT><Red>" killed "[BOT]Albert<2650><BOT><Blue>" with "ac"
L 03/11/2020 - 21:35:18: "[BOT]Albert<2650><BOT><Blue>" triggered "info_player_teamspawn"
L 03/11/2020 - 21:35:30: "[BOT]Kippa<2654><BOT><Red>" killed "[BOT]Alfonzo<2661><BOT><Blue>" with "pipebomb"
L 03/11/2020 - 21:35:32: "[BOT]Alfonzo<2661><BOT><Blue>" triggered "info_player_teamspawn"
L 03/11/2020 - 21:35:40: "[BOT]FootJob<2652><BOT><Blue>" killed "[BOT]BigDaddy<2664><BOT><Red>" with "sentrygun"
L 03/11/2020 - 21:35:41: "[BOT]BigDaddy<2664><BOT><Red>" triggered "info_player_teamspawn"
L 03/11/2020 - 21:35:44: "[BOT]Barry<2660><BOT><Red>" killed "[BOT]FootJob<2652><BOT><Blue>" with "ac"
L 03/11/2020 - 21:35:44: "[BOT]Jose<2666><BOT><>" entered the game
L 03/11/2020 - 21:35:44: "[BOT]Jose<2666><BOT><>" joined team "SPECTATOR"
L 03/11/2020 - 21:35:45: "[BOT]Jose<2666><BOT><>" joined team "SPECTATOR"
L 03/11/2020 - 21:35:45: "[BOT]FootJob<2652><BOT><Blue>" triggered "info_player_teamspawn"
L 03/11/2020 - 21:35:46: "[BOT]Jose<2666><BOT><SPECTATOR>" joined team "Red"
L 03/11/2020 - 21:35:46: "[BOT]Jose<2666><BOT><Red>" changed role to "Pyro"
L 03/11/2020 - 21:35:46: "[BOT]Jose<2666><BOT><Red>" triggered "info_player_teamspawn"
L 03/11/2020 - 21:36:02: Kick: "[BOT]Caleb<2649><STEAM_0:1:1312><>" was kicked by "Console"
L 03/11/2020 - 21:36:02: "[BOT]Caleb<2649><BOT><Blue>" disconnected
L 03/11/2020 - 21:36:20: "[BOT]Dotcom<2663><BOT><Red>" triggered "Red Flag"
L 03/11/2020 - 21:36:25: "[BOT]Kippa<2654><BOT><Red>" triggered "Detpack_Set"
L 03/11/2020 - 21:36:29: "[BOT]FootJob<2652><BOT><Blue>" killed "[BOT]BigDaddy<2664><BOT><Red>" with "sentrygun"
L 03/11/2020 - 21:36:29: "[BOT]BigDaddy<2664><BOT><Red>" changed role to "Engineer"
L 03/11/2020 - 21:36:30: "[BOT]BigDaddy<2664><BOT><Red>" triggered "info_player_teamspawn"
L 03/11/2020 - 21:36:30: "[BOT]Kippa<2654><BOT><Red>" triggered "Detpack_Explode"
L 03/11/2020 - 21:36:30: World triggered "The BLUE power generator is down!"
L 03/11/2020 - 21:36:30: "[BOT]Kippa<2654><BOT><Red>" triggered "%s destroyed the BLUE power generator!
"
L 03/11/2020 - 21:36:30: "[BOT]Kippa<2654><BOT><Red>" triggered "Dispenser_Destroyed" against "[BOT]FootJob<2652><BOT><Blue>" with "detpack"
L 03/11/2020 - 21:36:35: "[BOT]FootJob<2652><BOT><Blue>" killed "[BOT]Kippa<2654><BOT><Red>" with "sentrygun"
L 03/11/2020 - 21:36:36: "[BOT]Kippa<2654><BOT><Red>" triggered "info_player_teamspawn"
L 03/11/2020 - 21:36:44: "[BOT]n00b_h8ter<2662><BOT><Red>" triggered "Teleporter_Entrance_Finished"
L 03/11/2020 - 21:36:48: "[BOT]n00b_h8ter<2662><BOT><Red>" killed "[BOT]Albert<2650><BOT><Blue>" with "supershotgun"
L 03/11/2020 - 21:36:49: "[BOT]Alfonzo<2661><BOT><Blue>" triggered "Blue Flag"
L 03/11/2020 - 21:36:49: "[BOT]Albert<2650><BOT><Blue>" triggered "info_player_teamspawn"
L 03/11/2020 - 21:36:53: Kick: "[BOT]n00b_h8ter<2662><STEAM_0:0:1319><>" was kicked by "Console"
L 03/11/2020 - 21:36:53: "[BOT]n00b_h8ter<2662><BOT><Red>" disconnected
L 03/11/2020 - 21:36:53: "[BOT]n00b_h8ter<2662><BOT><Red>" triggered "Dispenser_Destroyed"
L 03/11/2020 - 21:36:53: "[BOT]n00b_h8ter<2662><BOT><Red>" triggered "Sentry_Destroyed"
L 03/11/2020 - 21:36:53: "[BOT]n00b_h8ter<2662><BOT><Red>" triggered "Teleporter_Entrance_Destroyed"
L 03/11/2020 - 21:37:13: "[BOT]BigDaddy<2664><BOT><Red>" triggered "Teleporter_Entrance_Finished"
L 03/11/2020 - 21:37:14: "[BOT]Playa Hata<2656><BOT><Red>" triggered "Sentry_Built_Level_1"
L 03/11/2020 - 21:37:27: "[BOT]FootJob<2652><BOT><Blue>" killed "[BOT]Dotcom<2663><BOT><Red>" with "sentrygun"
L 03/11/2020 - 21:37:28: "[BOT]Dotcom<2663><BOT><Red>" triggered "info_player_teamspawn"
L 03/11/2020 - 21:37:53: "[BOT]FootJob<2652><BOT><Blue>" killed "[BOT]Kippa<2654><BOT><Red>" with "sentrygun"
L 03/11/2020 - 21:37:54: "[BOT]Playa Hata<2656><BOT><Red>" killed "[BOT]Alfonzo<2661><BOT><Blue>" with "sentrygun"
L 03/11/2020 - 21:37:54: "[BOT]Alfonzo<2661><BOT><Blue>" changed role to "Demoman"
L 03/11/2020 - 21:37:54: "[BOT]Kippa<2654><BOT><Red>" triggered "info_player_teamspawn"
L 03/11/2020 - 21:37:56: "[BOT]Alfonzo<2661><BOT><Blue>" triggered "info_player_teamspawn"
L 03/11/2020 - 21:38:00: "[BOT]Playa Hata<2656><BOT><Red>" killed "[BOT]Ted<2659><BOT><Blue>" with "sentrygun"
L 03/11/2020 - 21:38:01: "[BOT]Ted<2659><BOT><Blue>" triggered "info_player_teamspawn"
L 03/11/2020 - 21:38:03: "[BOT]Playa Hata<2656><BOT><Red>" triggered "Sentry_Upgrade_Level_2"
L 03/11/2020 - 21:38:13: "[BOT]FootJob<2652><BOT><Blue>" triggered "Teleporter_Exit_Finished"
L 03/11/2020 - 21:38:15: "[BOT]Romeo<2667><BOT><>" entered the game
L 03/11/2020 - 21:38:15: "[BOT]Romeo<2667><BOT><>" joined team "SPECTATOR"
L 03/11/2020 - 21:38:15: "[BOT]Romeo<2667><BOT><>" joined team "SPECTATOR"
L 03/11/2020 - 21:38:16: "[BOT]Romeo<2667><BOT><SPECTATOR>" joined team "Red"
L 03/11/2020 - 21:38:17: "[BOT]Romeo<2667><BOT><Red>" changed role to "Pyro"
L 03/11/2020 - 21:38:17: "[BOT]Romeo<2667><BOT><Red>" triggered "info_player_teamspawn"
L 03/11/2020 - 21:38:27: "[BOT]Playa Hata<2656><BOT><Red>" killed "[BOT]FootJob<2652><BOT><Blue>" with "sentrygun"
L 03/11/2020 - 21:38:28: "[BOT]FootJob<2652><BOT><Blue>" triggered "info_player_teamspawn"
L 03/11/2020 - 21:38:29: "[BOT]Playa Hata<2656><BOT><Red>" killed "[BOT]Albert<2650><BOT><Blue>" with "sentrygun"
L 03/11/2020 - 21:38:30: "[BOT]Albert<2650><BOT><Blue>" triggered "info_player_teamspawn"
L 03/11/2020 - 21:38:31: "[BOT]FootJob<2652><BOT><Blue>" killed "[BOT]Dotcom<2663><BOT><Red>" with "sentrygun"
L 03/11/2020 - 21:38:32: "[BOT]Dotcom<2663><BOT><Red>" triggered "info_player_teamspawn"
L 03/11/2020 - 21:38:39: "[BOT]Barry<2660><BOT><Red>" killed "[BOT]Alfonzo<2661><BOT><Blue>" with "ac"
L 03/11/2020 - 21:38:41: "[BOT]Alfonzo<2661><BOT><Blue>" triggered "info_player_teamspawn"
L 03/11/2020 - 21:38:50: "[BOT]FootJob<2652><BOT><Blue>" triggered "Teleporter_Exit_Destroyed"
L 03/11/2020 - 21:38:51: "[BOT]Dotcom<2663><BOT><Red>" triggered "Red Flag"
L 03/11/2020 - 21:38:59: "[BOT]Spaminator<2648><BOT><Blue>" triggered "Blue Flag"
L 03/11/2020 - 21:39:02: "[BOT]BigDaddy<2664><BOT><Red>" triggered "Sentry_Built_Level_1"
L 03/11/2020 - 21:39:06: Kick: "[BOT]Kippa<2654><STEAM_0:0:1315><>" was kicked by "Console"
L 03/11/2020 - 21:39:06: "[BOT]Kippa<2654><BOT><Red>" disconnected
L 03/11/2020 - 21:39:09: "[BOT]FootJob<2652><BOT><Blue>" triggered "Teleporter_Exit_Finished"
L 03/11/2020 - 21:39:19: "[BOT]Albert<2650><BOT><Blue>" killed "[BOT]Dotcom<2663><BOT><Red>" with "supershotgun"
L 03/11/2020 - 21:39:20: "[BOT]Dotcom<2663><BOT><Red>" triggered "info_player_teamspawn"
L 03/11/2020 - 21:39:37: "[BOT]Playa Hata<2656><BOT><Red>" triggered "Sentry_Upgrade_Level_3"
L 03/11/2020 - 21:39:49: "[BOT]Playa Hata<2656><BOT><Red>" killed "[BOT]Spaminator<2648><BOT><Blue>" with "sentrygun"
L 03/11/2020 - 21:39:50: "[BOT]Spaminator<2648><BOT><Blue>" triggered "info_player_teamspawn"
L 03/11/2020 - 21:39:56: "[BOT]CS SUX<2647><BOT><Red>" triggered "Teleporter_Entrance_Finished"
L 03/11/2020 - 21:40:06: "[BOT]BigDaddy<2664><BOT><Red>" triggered "Sentry_Upgrade_Level_2"
L 03/11/2020 - 21:40:17: "[BOT]Playa Hata<2656><BOT><Red>" triggered "Built_Dispenser"
L 03/11/2020 - 21:40:24: "[BOT]Dotcom<2663><BOT><Red>" triggered "Red Flag"
L 03/11/2020 - 21:40:39: "[BOT]Caleb<2668><BOT><>" entered the game
L 03/11/2020 - 21:40:39: "[BOT]Caleb<2668><BOT><>" joined team "SPECTATOR"
L 03/11/2020 - 21:40:39: "[BOT]Caleb<2668><BOT><>" joined team "SPECTATOR"
L 03/11/2020 - 21:40:40: "[BOT]Caleb<2668><BOT><SPECTATOR>" joined team "Blue"
L 03/11/2020 - 21:40:41: "[BOT]Caleb<2668><BOT><Blue>" changed role to "Pyro"
L 03/11/2020 - 21:40:41: "[BOT]Caleb<2668><BOT><Blue>" triggered "info_player_teamspawn"
L 03/11/2020 - 21:40:48: "[BOT]FootJob<2652><BOT><Blue>" triggered "Built_Dispenser"
L 03/11/2020 - 21:40:58: "[BOT]Playa Hata<2656><BOT><Red>" killed "[BOT]Albert<2650><BOT><Blue>" with "sentrygun"
L 03/11/2020 - 21:40:59: "[BOT]Albert<2650><BOT><Blue>" triggered "info_player_teamspawn"
L 03/11/2020 - 21:41:03: "[BOT]FootJob<2652><BOT><Blue>" killed "[BOT]Dotcom<2663><BOT><Red>" with "sentrygun"
L 03/11/2020 - 21:41:03: "[BOT]Dotcom<2663><BOT><Red>" changed role to "Soldier"
L 03/11/2020 - 21:41:04: "[BOT]Dotcom<2663><BOT><Red>" triggered "info_player_teamspawn"
L 03/11/2020 - 21:41:05: "[BOT]Playa Hata<2656><BOT><Red>" triggered "Sentry_Repair"
L 03/11/2020 - 21:41:09: "[BOT]Ted<2659><BOT><Blue>" killed "[BOT]BigDaddy<2664><BOT><Red>" with "flames"
L 03/11/2020 - 21:41:09: "[BOT]Ted<2659><BOT><Blue>" killed "[BOT]BigDaddy<2664><BOT><Red>" with "flames"
L 03/11/2020 - 21:41:10: "[BOT]BigDaddy<2664><BOT><Red>" triggered "info_player_teamspawn"
L 03/11/2020 - 21:41:11: "[BOT]Albert<2650><BOT><Blue>" triggered "Blue Flag"
L 03/11/2020 - 21:41:15: "[BOT]CS SUX<2647><BOT><Red>" triggered "Teleporter_Entrance_Destroyed"
L 03/11/2020 - 21:41:18: "[BOT]Playa Hata<2656><BOT><Red>" killed "[BOT]Ted<2659><BOT><Blue>" with "sentrygun"
L 03/11/2020 - 21:41:20: "[BOT]Ted<2659><BOT><Blue>" triggered "info_player_teamspawn"
L 03/11/2020 - 21:41:26: "[BOT]Romeo<2667><BOT><Red>" committed suicide with "rocket"
L 03/11/2020 - 21:41:27: "[BOT]Romeo<2667><BOT><Red>" triggered "info_player_teamspawn"
L 03/11/2020 - 21:41:34: "[BOT]BigDaddy<2664><BOT><Red>" triggered "Sentry_Upgrade_Level_3"
L 03/11/2020 - 21:41:36: "[BOT]Playa Hata<2656><BOT><Red>" killed "[BOT]FuzzyBunny<2655><BOT><Blue>" with "sentrygun"
L 03/11/2020 - 21:41:38: "[BOT]FuzzyBunny<2655><BOT><Blue>" triggered "info_player_teamspawn"
L 03/11/2020 - 21:41:50: "[BOT]Playa Hata<2656><BOT><Red>" killed "[BOT]Caleb<2668><BOT><Blue>" with "sentrygun"
L 03/11/2020 - 21:41:51: "[BOT]Alfonzo<2661><BOT><Blue>" triggered "Detpack_Set"
L 03/11/2020 - 21:41:51: "[BOT]Caleb<2668><BOT><Blue>" triggered "info_player_teamspawn"
L 03/11/2020 - 21:41:53: "[BOT]Caleb<2668><BOT><Blue>" killed "[BOT]BigDaddy<2664><BOT><Red>" with "flames"
L 03/11/2020 - 21:41:53: "[BOT]Caleb<2668><BOT><Blue>" killed "[BOT]BigDaddy<2664><BOT><Red>" with "flames"
L 03/11/2020 - 21:41:54: "[BOT]BigDaddy<2664><BOT><Red>" triggered "info_player_teamspawn"
L 03/11/2020 - 21:41:56: "[BOT]Alfonzo<2661><BOT><Blue>" triggered "Detpack_Explode"
L 03/11/2020 - 21:41:56: World triggered "The RED power generator is down!"
L 03/11/2020 - 21:41:56: "[BOT]Alfonzo<2661><BOT><Blue>" triggered "%s destroyed the RED power generator!
"
L 03/11/2020 - 21:42:08: "[BOT]Playa Hata<2656><BOT><Red>" killed "[BOT]Alfonzo<2661><BOT><Blue>" with "sentrygun"
L 03/11/2020 - 21:42:09: "[BOT]Dotcom<2663><BOT><Red>" triggered "Red Flag"
L 03/11/2020 - 21:42:09: "[BOT]Playa Hata<2656><BOT><Red>" killed "[BOT]Albert<2650><BOT><Blue>" with "sentrygun"
L 03/11/2020 - 21:42:09: "[BOT]Albert<2650><BOT><Blue>" changed role to "Soldier"
L 03/11/2020 - 21:42:09: "[BOT]Alfonzo<2661><BOT><Blue>" triggered "info_player_teamspawn"
L 03/11/2020 - 21:42:10: "[BOT]Albert<2650><BOT><Blue>" triggered "info_player_teamspawn"
L 03/11/2020 - 21:42:24: Kick: "[BOT]BigDaddy<2664><STEAM_0:0:1320><>" was kicked by "Console"
L 03/11/2020 - 21:42:24: "[BOT]BigDaddy<2664><BOT><Red>" disconnected
L 03/11/2020 - 21:42:24: "[BOT]BigDaddy<2664><BOT><Red>" triggered "Sentry_Destroyed"
L 03/11/2020 - 21:42:24: "[BOT]BigDaddy<2664><BOT><Red>" triggered "Teleporter_Entrance_Destroyed"
L 03/11/2020 - 21:42:24: "[BOT]Ted<2659><BOT><Blue>" killed "[BOT]Playa Hata<2656><BOT><Red>" with "flames"
L 03/11/2020 - 21:42:24: "[BOT]Ted<2659><BOT><Blue>" killed "[BOT]Playa Hata<2656><BOT><Red>" with "flames"
L 03/11/2020 - 21:42:25: "[BOT]Playa Hata<2656><BOT><Red>" triggered "info_player_teamspawn"
L 03/11/2020 - 21:42:30: "[BOT]Spaminator<2648><BOT><Blue>" joined team "SPECTATOR"
L 03/11/2020 - 21:42:31: "[BOT]Spaminator<2648><BOT><SPECTATOR>" joined team "Red"
L 03/11/2020 - 21:42:32: "[BOT]Spaminator<2648><BOT><Red>" changed role to "Medic"
L 03/11/2020 - 21:42:32: "[BOT]Spaminator<2648><BOT><Red>" triggered "info_player_teamspawn"
L 03/11/2020 - 21:43:01: "[BOT]Playa Hata<2656><BOT><Red>" killed "[BOT]Ted<2659><BOT><Blue>" with "sentrygun"
L 03/11/2020 - 21:43:02: "[BOT]Ted<2659><BOT><Blue>" triggered "info_player_teamspawn"
L 03/11/2020 - 21:43:04: "[BOT]Romeo<2667><BOT><Red>" killed "[BOT]Caleb<2668><BOT><Blue>" with "flames"
L 03/11/2020 - 21:43:05: "[BOT]Caleb<2668><BOT><Blue>" triggered "info_player_teamspawn"
L 03/11/2020 - 21:43:14: "[BOT]FootJob<2652><BOT><Blue>" triggered "Blue Flag"
L 03/11/2020 - 21:43:18: "[BOT]Playa Hata<2656><BOT><Red>" killed "[BOT]FuzzyBunny<2655><BOT><Blue>" with "sentrygun"
L 03/11/2020 - 21:43:19: "[BOT]FuzzyBunny<2655><BOT><Blue>" triggered "info_player_teamspawn"
L 03/11/2020 - 21:43:23: "[BOT]Dotcom<2663><BOT><Red>" triggered "Blue Capture Point"
L 03/11/2020 - 21:43:23: "[BOT]Dotcom<2663><BOT><Red>" triggered "%s captured the BLUE base!
"
L 03/11/2020 - 21:43:26: "[BOT]Playa Hata<2656><BOT><Red>" triggered "Sentry_Repair"
L 03/11/2020 - 21:43:30: "[BOT]Dave<2669><BOT><>" entered the game
L 03/11/2020 - 21:43:30: "[BOT]Dave<2669><BOT><>" joined team "SPECTATOR"
L 03/11/2020 - 21:43:31: "[BOT]Dave<2669><BOT><>" joined team "SPECTATOR"
L 03/11/2020 - 21:43:32: "[BOT]Dave<2669><BOT><SPECTATOR>" joined team "Blue"
L 03/11/2020 - 21:43:32: "[BOT]Dave<2669><BOT><Blue>" changed role to "Scout"
L 03/11/2020 - 21:43:32: "[BOT]Dave<2669><BOT><Blue>" triggered "info_player_teamspawn"
L 03/11/2020 - 21:43:36: "[BOT]FootJob<2652><BOT><Blue>" killed "[BOT]Dotcom<2663><BOT><Red>" with "sentrygun"
L 03/11/2020 - 21:43:37: "[BOT]Dotcom<2663><BOT><Red>" triggered "info_player_teamspawn"
L 03/11/2020 - 21:43:38: "[BOT]Jose<2666><BOT><Red>" triggered "Red Flag"
L 03/11/2020 - 21:43:41: "[BOT]Spaminator<2648><BOT><Red>" triggered "Medic_Infection" against "[BOT]Albert<2650><BOT><Blue>"
L 03/11/2020 - 21:43:47: "[BOT]Albert<2650><BOT><Blue>" killed "[BOT]Spaminator<2648><BOT><Red>" with "supershotgun"
L 03/11/2020 - 21:43:47: "[BOT]Spaminator<2648><BOT><Red>" changed role to "Pyro"
L 03/11/2020 - 21:43:48: "[BOT]Spaminator<2648><BOT><Red>" triggered "info_player_teamspawn"
L 03/11/2020 - 21:43:52: "[BOT]Albert<2650><BOT><Blue>" killed "[BOT]CS SUX<2647><BOT><Red>" with "supershotgun"
L 03/11/2020 - 21:43:54: "[BOT]CS SUX<2647><BOT><Red>" triggered "info_player_teamspawn"
L 03/11/2020 - 21:44:00: "[BOT]Barry<2660><BOT><Red>" killed "[BOT]Albert<2650><BOT><Blue>" with "ac"
L 03/11/2020 - 21:44:02: "[BOT]Dotcom<2663><BOT><Red>" killed "[BOT]Alfonzo<2661><BOT><Blue>" with "supershotgun"
L 03/11/2020 - 21:44:02: "[BOT]Albert<2650><BOT><Blue>" triggered "info_player_teamspawn"
L 03/11/2020 - 21:44:03: "[BOT]Alfonzo<2661><BOT><Blue>" triggered "info_player_teamspawn"
L 03/11/2020 - 21:44:06: "[BOT]Playa Hata<2656><BOT><Red>" triggered "Teleporter_Exit_Finished"
L 03/11/2020 - 21:44:16: "[BOT]FuzzyBunny<2655><BOT><Blue>" killed "[BOT]Playa Hata<2656><BOT><Red>" with "supershotgun"
L 03/11/2020 - 21:44:17: "[BOT]Playa Hata<2656><BOT><Red>" triggered "info_player_teamspawn"
L 03/11/2020 - 21:44:25: "[BOT]Playa Hata<2656><BOT><Red>" killed "[BOT]FootJob<2652><BOT><Blue>" with "sentrygun"
L 03/11/2020 - 21:44:27: "[BOT]FootJob<2652><BOT><Blue>" triggered "info_player_teamspawn"
L 03/11/2020 - 21:44:33: "[BOT]Ted<2659><BOT><Blue>" killed "[BOT]Romeo<2667><BOT><Red>" with "rocket"
L 03/11/2020 - 21:44:34: "[BOT]Romeo<2667><BOT><Red>" triggered "info_player_teamspawn"
L 03/11/2020 - 21:44:35: "[BOT]Playa Hata<2656><BOT><Red>" triggered "Sentry_Repair"
L 03/11/2020 - 21:44:45: "[BOT]Barry<2660><BOT><Red>" killed "[BOT]Caleb<2668><BOT><Blue>" with "ac"
L 03/11/2020 - 21:44:47: "[BOT]Caleb<2668><BOT><Blue>" triggered "info_player_teamspawn"
L 03/11/2020 - 21:45:00: "[BOT]Alfonzo<2661><BOT><Blue>" killed "[BOT]Romeo<2667><BOT><Red>" with "pipebomb"
L 03/11/2020 - 21:45:02: "[BOT]FootJob<2652><BOT><Blue>" killed "[BOT]Jose<2666><BOT><Red>" with "sentrygun"
L 03/11/2020 - 21:45:02: "[BOT]Romeo<2667><BOT><Red>" triggered "info_player_teamspawn"
L 03/11/2020 - 21:45:04: "[BOT]Jose<2666><BOT><Red>" triggered "info_player_teamspawn"
L 03/11/2020 - 21:45:18: "[BOT]Earp<2670><BOT><>" entered the game
L 03/11/2020 - 21:45:18: "[BOT]Earp<2670><BOT><>" joined team "SPECTATOR"
L 03/11/2020 - 21:45:19: "[BOT]Earp<2670><BOT><>" joined team "SPECTATOR"
L 03/11/2020 - 21:45:20: "[BOT]Earp<2670><BOT><SPECTATOR>" joined team "Blue"
L 03/11/2020 - 21:45:20: "[BOT]Earp<2670><BOT><Blue>" changed role to "Soldier"
L 03/11/2020 - 21:45:20: "[BOT]Earp<2670><BOT><Blue>" triggered "info_player_teamspawn"
L 03/11/2020 - 21:45:22: "[BOT]Barry<2660><BOT><Red>" killed "[BOT]Steave<2665><BOT><Blue>" with "ac"
L 03/11/2020 - 21:45:23: "[BOT]Steave<2665><BOT><Blue>" triggered "info_player_teamspawn"
L 03/11/2020 - 21:45:30: "[BOT]FuzzyBunny<2655><BOT><Blue>" triggered "Blue Flag"
L 03/11/2020 - 21:45:30: "[BOT]Caleb<2668><BOT><Blue>" killed "[BOT]Barry<2660><BOT><Red>" with "flames"
L 03/11/2020 - 21:45:32: "[BOT]Barry<2660><BOT><Red>" triggered "info_player_teamspawn"
L 03/11/2020 - 21:45:39: "[BOT]Romeo<2667><BOT><Red>" killed "[BOT]Dave<2669><BOT><Blue>" with "flames"
L 03/11/2020 - 21:45:40: "[BOT]Alfonzo<2661><BOT><Blue>" killed "[BOT]Romeo<2667><BOT><Red>" with "pipebomb"
L 03/11/2020 - 21:45:40: "[BOT]Dave<2669><BOT><Blue>" triggered "info_player_teamspawn"
L 03/11/2020 - 21:45:41: "[BOT]Romeo<2667><BOT><Red>" triggered "info_player_teamspawn"
L 03/11/2020 - 21:45:51: "[BOT]Playa Hata<2656><BOT><Red>" killed "[BOT]Albert<2650><BOT><Blue>" with "sentrygun"
L 03/11/2020 - 21:45:52: "[BOT]Albert<2650><BOT><Blue>" triggered "info_player_teamspawn"
L 03/11/2020 - 21:46:00: "[BOT]Barry<2660><BOT><Red>" killed "[BOT]Dave<2669><BOT><Blue>" with "ac"
L 03/11/2020 - 21:46:01: "[BOT]Dave<2669><BOT><Blue>" triggered "info_player_teamspawn"
L 03/11/2020 - 21:46:19: "[BOT]Playa Hata<2656><BOT><Red>" triggered "Red Flag"
L 03/11/2020 - 21:46:21: "[BOT]Alfonzo<2661><BOT><Blue>" committed suicide with "pipebomb"
L 03/11/2020 - 21:46:22: "[BOT]Alfonzo<2661><BOT><Blue>" triggered "info_player_teamspawn"
L 03/11/2020 - 21:46:28: "[BOT]Albert<2650><BOT><Blue>" joined team "SPECTATOR"
L 03/11/2020 - 21:46:29: "[BOT]FuzzyBunny<2655><BOT><Blue>" triggered "Red Capture Point"
L 03/11/2020 - 21:46:29: "[BOT]FuzzyBunny<2655><BOT><Blue>" triggered "%s captured the RED base!
"
L 03/11/2020 - 21:46:29: "[BOT]Albert<2650><BOT><SPECTATOR>" joined team "Red"
L 03/11/2020 - 21:46:29: "[BOT]Dave<2669><BOT><Blue>" triggered "Blue Flag"
L 03/11/2020 - 21:46:29: "[BOT]Albert<2650><BOT><Red>" changed role to "Soldier"
L 03/11/2020 - 21:46:29: "[BOT]Albert<2650><BOT><Red>" triggered "info_player_teamspawn"
L 03/11/2020 - 21:46:33: "[BOT]CS SUX<2647><BOT><Red>" killed "[BOT]FuzzyBunny<2655><BOT><Blue>" with "sentrygun"
L 03/11/2020 - 21:46:34: "[BOT]FuzzyBunny<2655><BOT><Blue>" triggered "info_player_teamspawn"
L 03/11/2020 - 21:46:41: "[BOT]FootJob<2652><BOT><Blue>" killed "[BOT]Romeo<2667><BOT><Red>" with "supershotgun"
L 03/11/2020 - 21:46:42: "[BOT]Romeo<2667><BOT><Red>" triggered "info_player_teamspawn"
L 03/11/2020 - 21:46:42: "[BOT]BillGates<2671><BOT><>" entered the game
L 03/11/2020 - 21:46:42: "[BOT]BillGates<2671><BOT><>" joined team "SPECTATOR"
L 03/11/2020 - 21:46:43: "[BOT]BillGates<2671><BOT><>" joined team "SPECTATOR"
L 03/11/2020 - 21:46:44: "[BOT]BillGates<2671><BOT><SPECTATOR>" joined team "Blue"
L 03/11/2020 - 21:46:44: "[BOT]BillGates<2671><BOT><Blue>" changed role to "Medic"
L 03/11/2020 - 21:46:44: "[BOT]BillGates<2671><BOT><Blue>" triggered "info_player_teamspawn"
L 03/11/2020 - 21:46:53: "[BOT]Barry<2660><BOT><Red>" killed "[BOT]Dave<2669><BOT><Blue>" with "ac"
L 03/11/2020 - 21:46:54: "[BOT]Dave<2669><BOT><Blue>" triggered "info_player_teamspawn"
L 03/11/2020 - 21:47:01: "[BOT]Dotcom<2663><BOT><Red>" killed "[BOT]Ted<2659><BOT><Blue>" with "supershotgun"
L 03/11/2020 - 21:47:02: "[BOT]Jose<2666><BOT><Red>" committed suicide with "worldspawn" (world)
L 03/11/2020 - 21:47:02: "[BOT]Ted<2659><BOT><Blue>" killed "[BOT]Playa Hata<2656><BOT><Red>" with "flames"
L 03/11/2020 - 21:47:02: "[BOT]Ted<2659><BOT><Blue>" killed "[BOT]Playa Hata<2656><BOT><Red>" with "flames"
L 03/11/2020 - 21:47:02: "[BOT]Ted<2659><BOT><Blue>" triggered "info_player_teamspawn"
L 03/11/2020 - 21:47:03: "[BOT]Jose<2666><BOT><Red>" triggered "info_player_teamspawn"
L 03/11/2020 - 21:47:03: "[BOT]Playa Hata<2656><BOT><Red>" triggered "info_player_teamspawn"
L 03/11/2020 - 21:47:10: "[BOT]FootJob<2652><BOT><Blue>" killed "[BOT]Barry<2660><BOT><Red>" with "sentrygun"
L 03/11/2020 - 21:47:11: "[BOT]Barry<2660><BOT><Red>" triggered "info_player_teamspawn"
L 03/11/2020 - 21:47:12: "[BOT]AOL<2672><BOT><>" entered the game
L 03/11/2020 - 21:47:12: "[BOT]AOL<2672><BOT><>" joined team "SPECTATOR"
L 03/11/2020 - 21:47:13: "[BOT]AOL<2672><BOT><>" joined team "SPECTATOR"
L 03/11/2020 - 21:47:14: "[BOT]AOL<2672><BOT><SPECTATOR>" joined team "Red"
L 03/11/2020 - 21:47:14: "[BOT]AOL<2672><BOT><Red>" changed role to "Sniper"
L 03/11/2020 - 21:47:14: "[BOT]AOL<2672><BOT><Red>" triggered "info_player_teamspawn"
L 03/11/2020 - 21:47:19: "[BOT]FootJob<2652><BOT><Blue>" killed "[BOT]Spaminator<2648><BOT><Red>" with "sentrygun"
L 03/11/2020 - 21:47:20: "[BOT]Spaminator<2648><BOT><Red>" triggered "info_player_teamspawn"
L 03/11/2020 - 21:47:22: "[BOT]FootJob<2652><BOT><Blue>" triggered "Blue Flag"
L 03/11/2020 - 21:47:24: "[BOT]Playa Hata<2656><BOT><Red>" killed "[BOT]Caleb<2668><BOT><Blue>" with "sentrygun"
L 03/11/2020 - 21:47:25: "[BOT]Caleb<2668><BOT><Blue>" triggered "info_player_teamspawn"
L 03/11/2020 - 21:47:34: "[BOT]Playa Hata<2656><BOT><Red>" triggered "Sentry_Repair"
L 03/11/2020 - 21:47:35: "[BOT]Barry<2660><BOT><Red>" killed "[BOT]Alfonzo<2661><BOT><Blue>" with "ac"
L 03/11/2020 - 21:47:36: "[BOT]Alfonzo<2661><BOT><Blue>" triggered "info_player_teamspawn"
L 03/11/2020 - 21:48:06: "[BOT]Ted<2659><BOT><Blue>" committed suicide with "worldspawn" (world)
L 03/11/2020 - 21:48:06: "[BOT]Ted<2659><BOT><Blue>" changed role to "Scout"
L 03/11/2020 - 21:48:07: "[BOT]Ted<2659><BOT><Blue>" triggered "info_player_teamspawn"
L 03/11/2020 - 21:48:12: "[BOT]CS SUX<2647><BOT><Red>" killed "[BOT]FootJob<2652><BOT><Blue>" with "sentrygun"
L 03/11/2020 - 21:48:13: "[BOT]FootJob<2652><BOT><Blue>" triggered "info_player_teamspawn"
L 03/11/2020 - 21:48:14: "[BOT]CS SUX<2647><BOT><Red>" triggered "Sentry_Repair"
L 03/11/2020 - 21:48:16: "[BOT]Barry<2660><BOT><Red>" killed "[BOT]FuzzyBunny<2655><BOT><Blue>" with "ac"
L 03/11/2020 - 21:48:18: "[BOT]FuzzyBunny<2655><BOT><Blue>" triggered "info_player_teamspawn"
L 03/11/2020 - 21:48:25: "[BOT]Barry<2660><BOT><Red>" killed "[BOT]Caleb<2668><BOT><Blue>" with "ac"
L 03/11/2020 - 21:48:26: "[BOT]Caleb<2668><BOT><Blue>" triggered "info_player_teamspawn"
L 03/11/2020 - 21:48:36: "[BOT]FootJob<2652><BOT><Blue>" killed "[BOT]Albert<2650><BOT><Red>" with "sentrygun"
L 03/11/2020 - 21:48:37: "[BOT]Albert<2650><BOT><Red>" triggered "info_player_teamspawn"
L 03/11/2020 - 21:48:42: "[BOT]Earp<2670><BOT><Blue>" killed "[BOT]Jose<2666><BOT><Red>" with "supershotgun"
L 03/11/2020 - 21:48:43: "[BOT]Jose<2666><BOT><Red>" triggered "info_player_teamspawn"
L 03/11/2020 - 21:48:44: "[BOT]Albert<2650><BOT><Red>" triggered "Red Flag"
L 03/11/2020 - 21:48:53: "[BOT]Earp<2670><BOT><Blue>" killed "[BOT]Romeo<2667><BOT><Red>" with "supershotgun"
L 03/11/2020 - 21:48:53: "[BOT]Romeo<2667><BOT><Red>" changed role to "Medic"
L 03/11/2020 - 21:48:54: "[BOT]Romeo<2667><BOT><Red>" triggered "info_player_teamspawn"
L 03/11/2020 - 21:49:00: "[BOT]CS SUX<2647><BOT><Red>" triggered "Built_Dispenser"
L 03/11/2020 - 21:49:03: "[BOT]Barry<2660><BOT><Red>" killed "[BOT]BillGates<2671><BOT><Blue>" with "ac"
L 03/11/2020 - 21:49:04: "[BOT]BillGates<2671><BOT><Blue>" triggered "info_player_teamspawn"
L 03/11/2020 - 21:49:07: "[BOT]Cardinal<2673><BOT><>" entered the game
L 03/11/2020 - 21:49:07: "[BOT]Cardinal<2673><BOT><>" joined team "SPECTATOR"
L 03/11/2020 - 21:49:07: "[BOT]Cardinal<2673><BOT><>" joined team "SPECTATOR"
L 03/11/2020 - 21:49:08: "[BOT]Cardinal<2673><BOT><SPECTATOR>" joined team "Blue"
L 03/11/2020 - 21:49:09: "[BOT]Cardinal<2673><BOT><Blue>" changed role to "Soldier"
L 03/11/2020 - 21:49:09: "[BOT]Cardinal<2673><BOT><Blue>" triggered "info_player_teamspawn"
L 03/11/2020 - 21:49:12: "[BOT]FuzzyBunny<2655><BOT><Blue>" killed "[BOT]Dotcom<2663><BOT><Red>" with "supershotgun"
L 03/11/2020 - 21:49:13: "[BOT]Dotcom<2663><BOT><Red>" triggered "info_player_teamspawn"
L 03/11/2020 - 21:49:15: "[BOT]Romeo<2667><BOT><Red>" killed "[BOT]Alfonzo<2661><BOT><Blue>" with "supershotgun"
L 03/11/2020 - 21:49:16: "[BOT]Alfonzo<2661><BOT><Blue>" triggered "info_player_teamspawn"
L 03/11/2020 - 21:49:17: "[BOT]BillGates<2671><BOT><Blue>" triggered "Blue Flag"
L 03/11/2020 - 21:49:26: "[BOT]Jose<2666><BOT><Red>" killed "[BOT]Ted<2659><BOT><Blue>" with "rocket"
L 03/11/2020 - 21:49:28: "[BOT]Ted<2659><BOT><Blue>" triggered "info_player_teamspawn"
L 03/11/2020 - 21:49:30: "[BOT]Albert<2650><BOT><Red>" killed "[BOT]FuzzyBunny<2655><BOT><Blue>" with "supershotgun"
L 03/11/2020 - 21:49:31: "[BOT]FuzzyBunny<2655><BOT><Blue>" triggered "info_player_teamspawn"
L 03/11/2020 - 21:49:34: "[BOT]BillGates<2671><BOT><Blue>" killed "[BOT]Albert<2650><BOT><Red>" with "supershotgun"
L 03/11/2020 - 21:49:36: "[BOT]Albert<2650><BOT><Red>" triggered "info_player_teamspawn"
L 03/11/2020 - 21:49:39: "[BOT]Romeo<2667><BOT><Red>" triggered "Medic_Doused_Fire" against "[BOT]Barry<2660><BOT><Red>"
L 03/11/2020 - 21:49:39: "[BOT]Romeo<2667><BOT><Red>" triggered "Medic_Heal" against "[BOT]Barry<2660><BOT><Red>"
L 03/11/2020 - 21:49:40: "[BOT]Barry<2660><BOT><Red>" killed "[BOT]Caleb<2668><BOT><Blue>" with "ac"
L 03/11/2020 - 21:49:40: "[BOT]Caleb<2668><BOT><Blue>" changed role to "Medic"
L 03/11/2020 - 21:49:41: "[BOT]Caleb<2668><BOT><Blue>" triggered "info_player_teamspawn"
L 03/11/2020 - 21:49:42: "[BOT]Barry<2660><BOT><Red>" killed "[BOT]BillGates<2671><BOT><Blue>" with "ac"
L 03/11/2020 - 21:49:43: "[BOT]BillGates<2671><BOT><Blue>" triggered "info_player_teamspawn"
L 03/11/2020 - 21:49:54: "[BOT]FuzzyBunny<2655><BOT><Blue>" killed "[BOT]Playa Hata<2656><BOT><Red>" with "supershotgun"
L 03/11/2020 - 21:49:54: "[BOT]BillGates<2671><BOT><Blue>" triggered "Medic_Heal" against "[BOT]Earp<2670><BOT><Blue>"
L 03/11/2020 - 21:49:55: "[BOT]Playa Hata<2656><BOT><Red>" triggered "info_player_teamspawn"
L 03/11/2020 - 21:50:14: "[BOT]Barry<2660><BOT><Red>" killed "[BOT]FuzzyBunny<2655><BOT><Blue>" with "ac"
L 03/11/2020 - 21:50:15: "[BOT]BillGates<2671><BOT><Blue>" triggered "Medic_Heal" against "[BOT]Steave<2665><BOT><Blue>"
L 03/11/2020 - 21:50:15: "[BOT]FuzzyBunny<2655><BOT><Blue>" triggered "info_player_teamspawn"
L 03/11/2020 - 21:50:16: "[BOT]BillGates<2671><BOT><Blue>" triggered "Medic_Heal" against "[BOT]Steave<2665><BOT><Blue>"
L 03/11/2020 - 21:50:17: "[BOT]BillGates<2671><BOT><Blue>" triggered "Medic_Heal" against "[BOT]Steave<2665><BOT><Blue>"
L 03/11/2020 - 21:50:18: "[BOT]Steave<2665><BOT><Blue>" triggered "Teleporter_Exit_Destroyed" against "[BOT]Playa Hata<2656><BOT><Red>" with "sniperrifle"
L 03/11/2020 - 21:50:19: "[BOT]Cardinal<2673><BOT><Blue>" triggered "Blue Flag"
L 03/11/2020 - 21:50:19: "[BOT]Barry<2660><BOT><Red>" killed "[BOT]Cardinal<2673><BOT><Blue>" with "ac"
L 03/11/2020 - 21:50:20: "[BOT]Cardinal<2673><BOT><Blue>" triggered "info_player_teamspawn"
L 03/11/2020 - 21:50:21: "[BOT]BillGates<2671><BOT><Blue>" triggered "Medic_Heal" against "[BOT]Steave<2665><BOT><Blue>"
L 03/11/2020 - 21:50:21: "[BOT]BillGates<2671><BOT><Blue>" triggered "Medic_Heal" against "[BOT]Steave<2665><BOT><Blue>"
L 03/11/2020 - 21:50:21: "[BOT]BillGates<2671><BOT><Blue>" triggered "Medic_Heal" against "[BOT]Steave<2665><BOT><Blue>"
L 03/11/2020 - 21:50:28: "[BOT]Earp<2670><BOT><Blue>" killed "[BOT]Barry<2660><BOT><Red>" with "rocket"
L 03/11/2020 - 21:50:29: "[BOT]Barry<2660><BOT><Red>" triggered "info_player_teamspawn"
L 03/11/2020 - 21:50:35: "[BOT]Romeo<2667><BOT><Red>" triggered "Medic_Heal" against "[BOT]CS SUX<2647><BOT><Red>"
L 03/11/2020 - 21:50:37: Kick: "[BOT]Spaminator<2648><STEAM_0:0:1312><>" was kicked by "Console"
L 03/11/2020 - 21:50:37: "[BOT]Spaminator<2648><BOT><Red>" disconnected
L 03/11/2020 - 21:50:47: "[BOT]Alfonzo<2661><BOT><Blue>" killed "[BOT]Jose<2666><BOT><Red>" with "gl_grenade"
L 03/11/2020 - 21:50:49: "[BOT]Jose<2666><BOT><Red>" triggered "info_player_teamspawn"
L 03/11/2020 - 21:50:50: "[BOT]Alfonzo<2661><BOT><Blue>" triggered "Blue Flag"
L 03/11/2020 - 21:50:53: "[BOT]Romeo<2667><BOT><Red>" triggered "Red Flag"
L 03/11/2020 - 21:51:01: "[BOT]Steave<2665><BOT><Blue>" joined team "SPECTATOR"
L 03/11/2020 - 21:51:02: "[BOT]Steave<2665><BOT><SPECTATOR>" joined team "Red"
L 03/11/2020 - 21:51:03: "[BOT]Steave<2665><BOT><Red>" changed role to "Sniper"
L 03/11/2020 - 21:51:03: "[BOT]Steave<2665><BOT><Red>" triggered "info_player_teamspawn"
L 03/11/2020 - 21:51:07: "[BOT]Playa Hata<2656><BOT><Red>" killed "[BOT]Alfonzo<2661><BOT><Blue>" with "sentrygun"
L 03/11/2020 - 21:51:09: "[BOT]Alfonzo<2661><BOT><Blue>" triggered "info_player_teamspawn"
L 03/11/2020 - 21:51:19: "[BOT]Herb<2674><BOT><>" entered the game
L 03/11/2020 - 21:51:19: "[BOT]Herb<2674><BOT><>" joined team "SPECTATOR"
L 03/11/2020 - 21:51:19: "[BOT]Herb<2674><BOT><>" joined team "SPECTATOR"
L 03/11/2020 - 21:51:20: "[BOT]Herb<2674><BOT><SPECTATOR>" joined team "Blue"
L 03/11/2020 - 21:51:21: "[BOT]Herb<2674><BOT><Blue>" changed role to "Scout"
L 03/11/2020 - 21:51:21: "[BOT]Herb<2674><BOT><Blue>" triggered "info_player_teamspawn"
L 03/11/2020 - 21:51:33: "[BOT]Playa Hata<2656><BOT><Red>" triggered "Teleporter_Exit_Finished"
L 03/11/2020 - 21:51:34: "[BOT]Barry<2660><BOT><Red>" killed "[BOT]Caleb<2668><BOT><Blue>" with "ac"
L 03/11/2020 - 21:51:36: "[BOT]Caleb<2668><BOT><Blue>" triggered "info_player_teamspawn"
L 03/11/2020 - 21:51:36: "[BOT]Barry<2660><BOT><Red>" killed "[BOT]Ted<2659><BOT><Blue>" with "ac"
L 03/11/2020 - 21:51:38: "[BOT]Ted<2659><BOT><Blue>" triggered "info_player_teamspawn"
L 03/11/2020 - 21:51:58: "[BOT]Playa Hata<2656><BOT><Red>" killed "[BOT]Cardinal<2673><BOT><Blue>" with "sentrygun"
L 03/11/2020 - 21:51:59: "[BOT]Cardinal<2673><BOT><Blue>" triggered "info_player_teamspawn"
L 03/11/2020 - 21:51:59: "[BOT]FootJob<2652><BOT><Blue>" killed "[BOT]Romeo<2667><BOT><Red>" with "sentrygun"
L 03/11/2020 - 21:51:59: "[BOT]Albert<2650><BOT><Red>" killed "[BOT]FootJob<2652><BOT><Blue>" with "supershotgun"
L 03/11/2020 - 21:52:00: "[BOT]FootJob<2652><BOT><Blue>" triggered "info_player_teamspawn"
L 03/11/2020 - 21:52:01: "[BOT]Romeo<2667><BOT><Red>" triggered "info_player_teamspawn"
L 03/11/2020 - 21:52:12: "[BOT]Ted<2659><BOT><Blue>" triggered "Blue Flag"
L 03/11/2020 - 21:52:14: "[BOT]Barry<2660><BOT><Red>" killed "[BOT]Caleb<2668><BOT><Blue>" with "ac"
L 03/11/2020 - 21:52:15: "[BOT]Albert<2650><BOT><Red>" killed "[BOT]Dave<2669><BOT><Blue>" with "supershotgun"
L 03/11/2020 - 21:52:15: "[BOT]Caleb<2668><BOT><Blue>" triggered "info_player_teamspawn"
L 03/11/2020 - 21:52:16: "[BOT]Dave<2669><BOT><Blue>" triggered "info_player_teamspawn"
L 03/11/2020 - 21:52:23: "[BOT]Caleb<2668><BOT><Blue>" triggered "Medic_Heal" against "[BOT]Earp<2670><BOT><Blue>"
L 03/11/2020 - 21:52:24: "[BOT]BillGates<2671><BOT><Blue>" killed "[BOT]Albert<2650><BOT><Red>" with "supershotgun"
L 03/11/2020 - 21:52:25: "[BOT]Albert<2650><BOT><Red>" triggered "info_player_teamspawn"
L 03/11/2020 - 21:52:26: "[BOT]Cardinal<2673><BOT><Blue>" killed "[BOT]Playa Hata<2656><BOT><Red>" with "rocket"
L 03/11/2020 - 21:52:27: "[BOT]Playa Hata<2656><BOT><Red>" triggered "info_player_teamspawn"
L 03/11/2020 - 21:52:33: "[BOT]Alfonzo<2661><BOT><Blue>" killed "[BOT]Barry<2660><BOT><Red>" with "pipebomb"
L 03/11/2020 - 21:52:33: "[BOT]BillGates<2671><BOT><Blue>" triggered "Medic_Heal" against "[BOT]FuzzyBunny<2655><BOT><Blue>"
L 03/11/2020 - 21:52:34: "[BOT]Barry<2660><BOT><Red>" triggered "info_player_teamspawn"
L 03/11/2020 - 21:53:02: "[BOT]BillGates<2671><BOT><Blue>" killed "[BOT]Steave<2665><BOT><Red>" with "supershotgun"
L 03/11/2020 - 21:53:03: "[BOT]Steave<2665><BOT><Red>" triggered "info_player_teamspawn"
L 03/11/2020 - 21:53:05: "[BOT]AOL<2672><BOT><Red>" killed "[BOT]BillGates<2671><BOT><Blue>" with "sniperrifle"
L 03/11/2020 - 21:53:06: "[BOT]Playa Hata<2656><BOT><Red>" killed "[BOT]Ted<2659><BOT><Blue>" with "sentrygun"
L 03/11/2020 - 21:53:06: "[BOT]BillGates<2671><BOT><Blue>" triggered "info_player_teamspawn"
L 03/11/2020 - 21:53:07: "[BOT]Ted<2659><BOT><Blue>" triggered "info_player_teamspawn"
L 03/11/2020 - 21:53:08: "[BOT]Playa Hata<2656><BOT><Red>" triggered "Sentry_Repair"
L 03/11/2020 - 21:53:10: Kick: "[BOT]Dotcom<2663><STEAM_0:1:1319><>" was kicked by "Console"
L 03/11/2020 - 21:53:10: "[BOT]Dotcom<2663><BOT><Red>" disconnected
L 03/11/2020 - 21:53:11: "[BOT]Playa Hata<2656><BOT><Red>" killed "[BOT]Caleb<2668><BOT><Blue>" with "sentrygun"
L 03/11/2020 - 21:53:12: "[BOT]Caleb<2668><BOT><Blue>" triggered "info_player_teamspawn"
L 03/11/2020 - 21:53:13: "[BOT]Romeo<2667><BOT><Red>" killed "[BOT]FuzzyBunny<2655><BOT><Blue>" with "supershotgun"
L 03/11/2020 - 21:53:15: "[BOT]FuzzyBunny<2655><BOT><Blue>" triggered "info_player_teamspawn"
L 03/11/2020 - 21:53:23: "[BOT]Romeo<2667><BOT><Red>" triggered "Red Flag"
L 03/11/2020 - 21:53:25: "[BOT]Alfonzo<2661><BOT><Blue>" killed "[BOT]Albert<2650><BOT><Red>" with "pipebomb"
L 03/11/2020 - 21:53:26: "[BOT]Albert<2650><BOT><Red>" triggered "info_player_teamspawn"
L 03/11/2020 - 21:53:33: "[BOT]Romeo<2667><BOT><Red>" killed "[BOT]Alfonzo<2661><BOT><Blue>" with "supershotgun"
L 03/11/2020 - 21:53:34: "[BOT]Alfonzo<2661><BOT><Blue>" triggered "info_player_teamspawn"
L 03/11/2020 - 21:53:37: "[BOT]Barry<2660><BOT><Red>" killed "[BOT]Earp<2670><BOT><Blue>" with "ac"
L 03/11/2020 - 21:53:39: "[BOT]Earp<2670><BOT><Blue>" triggered "info_player_teamspawn"
L 03/11/2020 - 21:53:40: Team "Blue" scored "13" with "10" players (kills "89") (kills_unaccounted "26")
L 03/11/2020 - 21:53:40: Team "Red" scored "23" with "8" players (kills "92") (kills_unaccounted "28")
L 03/11/2020 - 21:53:47: "[BOT]Caleb<2668><BOT><Blue>" joined team "SPECTATOR"
L 03/11/2020 - 21:53:48: "[BOT]Caleb<2668><BOT><SPECTATOR>" joined team "Red"
L 03/11/2020 - 21:53:48: "[BOT]Caleb<2668><BOT><Red>" changed role to "Medic"
L 03/11/2020 - 21:53:48: "[BOT]Caleb<2668><BOT><Red>" triggered "info_player_teamspawn"
L 03/11/2020 - 21:54:00: [META] ini: Begin re-reading plugins list: c:/program files (x86)/steam/steamapps/common/half-life/tfc/addons/metamod/plugins.ini
L 03/11/2020 - 21:54:00: [META] ini: Read plugin config for: FoxBot
L 03/11/2020 - 21:54:00: [META] ini: Finished reading plugins list: c:/program files (x86)/steam/steamapps/common/half-life/tfc/addons/metamod/plugins.ini; Found 1 plugins
L 03/11/2020 - 21:54:00: [META] dll: Updating plugins...
L 03/11/2020 - 21:54:00: [META] dll: Finished updating 1 plugins; kept 1, loaded 0, unloaded 0, reloaded 0, delayed 0
L 03/11/2020 - 21:54:00: Log file closed
